********************************************************************************
Field Output Report, written Tue Apr 18 14:49:28 2023

Source 1
---------

   ODB: C:/temp/FXY.odb
   Step: Step-1
   Frame: Increment     10: Step Time =    1.000

Loc 1 : Whole element values from source 1

Output sorted by column "Element Label".

Field Output reported for whole element for region: PART-1-1.Region_2

   Element Label            EVOL
                          @Loc 1
---------------------------------
            1801     947.981E-03
            1802     891.566E-03
            1803     911.137E-03
            1804     927.210E-03
            1805     963.252E-03
            1806     983.158E-03
            1807     862.710E-03
            1808     837.363E-03
            1809     864.778E-03
            1810     907.171E-03
            1811     954.014E-03
            1812     987.492E-03
            1813     701.040E-03
            1814     730.295E-03
            1815     800.778E-03
            1816     878.760E-03
            1817     949.063E-03
            1818     995.125E-03
            1819     492.439E-03
            1820     599.943E-03
            1821     739.941E-03
            1822     867.007E-03
            1823     970.150E-03
            1824         1.03585
            1825     274.961E-03
            1826     497.715E-03
            1827     735.580E-03
            1828     908.555E-03
            1829         1.04515
            1830         1.10902
            1831         1.26792
            1832         1.16630
            1833     991.839E-03
            1834     774.852E-03
            1835     536.325E-03
            1836     303.497E-03
            1837         1.08633
            1838     975.733E-03
            1839     761.510E-03
            1840     516.932E-03
            1841     282.248E-03
            1842         1.34345
            1843         1.20413
            1844     966.233E-03
            1845     705.802E-03
            1846     399.102E-03
            1847         1.15869
            1848         1.08773
            1849         1.04545
            1850         1.04109
            1851         1.03175
            1852         1.04859
            1853         1.02132
            1854         1.01664
            1855         1.03021
            1856         1.05766
            1857     884.230E-03
            1858     911.137E-03
            1859     954.436E-03
            1860         1.00250
            1861         1.04297
            1862     627.520E-03
            1863     749.513E-03
            1864     897.287E-03
            1865     991.144E-03
            1866         1.04158
            1867     355.279E-03
            1868     628.396E-03
            1869     880.271E-03
            1870         1.04482
            1871         1.09035
            1872         1.15632
            1873         1.17839
            1874     998.016E-03
            1875     718.605E-03
            1876     405.396E-03
            1877     806.670E-03
            1878     721.882E-03
            1879     595.751E-03
            1880     905.812E-03
            1881     587.334E-03
            1882     309.218E-03
            1883     754.793E-03
            1884     792.206E-03
            1885     824.760E-03
            1886     853.421E-03
            1887     892.844E-03
            1888     928.235E-03
            1889     730.166E-03
            1890     757.789E-03
            1891     789.856E-03
            1892     825.570E-03
            1893     863.393E-03
            1894     897.627E-03
            1895     678.120E-03
            1896     711.842E-03
            1897     746.802E-03
            1898     788.966E-03
            1899     828.878E-03
            1900     853.916E-03
            1901     681.870E-03
            1902     657.391E-03
            1903     696.528E-03
            1904     753.734E-03
            1905     804.700E-03
            1906     837.374E-03
            1907     491.313E-03
            1908     544.315E-03
            1909     636.468E-03
            1910     729.967E-03
            1911     801.810E-03
            1912     832.458E-03
            1913     268.781E-03
            1914     439.838E-03
            1915     609.196E-03
            1916     755.572E-03
            1917     859.878E-03
            1918     906.187E-03
            1919         1.00026
            1920     937.648E-03
            1921     816.535E-03
            1922     659.983E-03
            1923     462.580E-03
            1924     253.105E-03
            1925         1.04945
            1926     975.553E-03
            1927     952.949E-03
            1928     964.251E-03
            1929     958.287E-03
            1930     969.127E-03
            1931     926.137E-03
            1932     915.898E-03
            1933     920.893E-03
            1934     926.537E-03
            1935     842.653E-03
            1936     843.118E-03
            1937     854.348E-03
            1938     874.664E-03
            1939     891.091E-03
            1940     674.165E-03
            1941     720.616E-03
            1942     780.575E-03
            1943     835.403E-03
            1944     877.346E-03
            1945     483.451E-03
            1946     595.788E-03
            1947     717.508E-03
            1948     817.576E-03
            1949     892.789E-03
            1950     281.512E-03
            1951     502.087E-03
            1952     704.346E-03
            1953     847.777E-03
            1954     914.756E-03
            1955     967.708E-03
            1956     922.420E-03
            1957     790.581E-03
            1958     574.383E-03
            1959     324.868E-03
            1960         1.13687
            1961         1.07826
            1962     928.525E-03
            1963     745.302E-03
            1964     547.689E-03
            1965     344.037E-03
            1966     947.981E-03
            1967     891.566E-03
            1968     911.137E-03
            1969     927.210E-03
            1970     963.252E-03
            1971     983.158E-03
            1972     862.710E-03
            1973     837.363E-03
            1974     864.778E-03
            1975     907.171E-03
            1976     954.014E-03
            1977     987.492E-03
            1978     701.040E-03
            1979     730.295E-03
            1980     800.778E-03
            1981     878.760E-03
            1982     949.063E-03
            1983     995.125E-03
            1984     492.439E-03
            1985     599.943E-03
            1986     739.941E-03
            1987     867.007E-03
            1988     970.150E-03
            1989         1.03585
            1990     274.961E-03
            1991     497.715E-03
            1992     735.580E-03
            1993     908.555E-03
            1994         1.04515
            1995         1.10902
            1996         1.24683
            1997         1.14587
            1998     983.306E-03
            1999     769.438E-03
            2000     548.295E-03
            2001     318.779E-03
            2002         1.07865
            2003     971.163E-03
            2004     760.688E-03
            2005     522.729E-03
            2006     289.177E-03
            2007         1.33465
            2008         1.19947
            2009     964.697E-03
            2010     726.766E-03
            2011     418.426E-03
            2012         1.15869
            2013         1.08773
            2014         1.04545
            2015         1.04109
            2016         1.03175
            2017         1.04859
            2018         1.02132
            2019         1.01664
            2020         1.03021
            2021         1.05766
            2022     884.230E-03
            2023     911.137E-03
            2024     954.436E-03
            2025         1.00250
            2026         1.04297
            2027     627.520E-03
            2028     749.513E-03
            2029     897.287E-03
            2030     991.144E-03
            2031         1.04158
            2032     355.279E-03
            2033     628.396E-03
            2034     880.271E-03
            2035         1.04482
            2036         1.09035
            2037         1.11531
            2038         1.16470
            2039         1.00169
            2040     738.620E-03
            2041     425.405E-03
            2042     809.232E-03
            2043     721.735E-03
            2044     608.064E-03
            2045     902.468E-03
            2046     592.331E-03
            2047     315.200E-03
            2048     754.793E-03
            2049     792.206E-03
            2050     824.760E-03
            2051     853.421E-03
            2052     892.844E-03
            2053     928.235E-03
            2054     730.166E-03
            2055     757.789E-03
            2056     789.856E-03
            2057     825.570E-03
            2058     863.393E-03
            2059     897.627E-03
            2060     678.120E-03
            2061     711.842E-03
            2062     746.802E-03
            2063     788.966E-03
            2064     828.878E-03
            2065     853.916E-03
            2066     681.870E-03
            2067     657.391E-03
            2068     696.528E-03
            2069     753.734E-03
            2070     804.700E-03
            2071     837.374E-03
            2072     491.313E-03
            2073     544.315E-03
            2074     636.468E-03
            2075     729.967E-03
            2076     801.810E-03
            2077     832.458E-03
            2078     268.781E-03
            2079     439.838E-03
            2080     609.196E-03
            2081     755.572E-03
            2082     859.878E-03
            2083     906.187E-03
            2084     989.821E-03
            2085     924.729E-03
            2086     808.773E-03
            2087     666.353E-03
            2088     476.692E-03
            2089     267.146E-03
            2090         1.04945
            2091     975.553E-03
            2092     952.949E-03
            2093     964.251E-03
            2094     958.287E-03
            2095     969.127E-03
            2096     926.137E-03
            2097     915.898E-03
            2098     920.893E-03
            2099     926.537E-03
            2100     842.653E-03
            2101     843.118E-03
            2102     854.348E-03
            2103     874.664E-03
            2104     891.091E-03
            2105     674.165E-03
            2106     720.616E-03
            2107     780.575E-03
            2108     835.403E-03
            2109     877.346E-03
            2110     483.451E-03
            2111     595.788E-03
            2112     717.508E-03
            2113     817.576E-03
            2114     892.789E-03
            2115     281.512E-03
            2116     502.087E-03
            2117     704.346E-03
            2118     847.777E-03
            2119     914.756E-03
            2120     947.696E-03
            2121     907.011E-03
            2122     790.810E-03
            2123     587.936E-03
            2124     339.463E-03
            2125         1.09621
            2126         1.05925
            2127     926.904E-03
            2128     760.736E-03
            2129     575.140E-03
            2130     371.515E-03
            2131     947.981E-03
            2132     891.566E-03
            2133     911.137E-03
            2134     927.210E-03
            2135     963.252E-03
            2136     983.158E-03
            2137     862.710E-03
            2138     837.363E-03
            2139     864.778E-03
            2140     907.171E-03
            2141     954.014E-03
            2142     987.492E-03
            2143     701.040E-03
            2144     730.295E-03
            2145     800.778E-03
            2146     878.760E-03
            2147     949.063E-03
            2148     995.125E-03
            2149     492.439E-03
            2150     599.943E-03
            2151     739.941E-03
            2152     867.007E-03
            2153     970.150E-03
            2154         1.03585
            2155     274.961E-03
            2156     497.715E-03
            2157     735.580E-03
            2158     908.555E-03
            2159         1.04515
            2160         1.10902
            2161         1.24683
            2162         1.14587
            2163     983.306E-03
            2164     769.438E-03
            2165     548.295E-03
            2166     318.779E-03
            2167         1.07865
            2168     971.163E-03
            2169     760.688E-03
            2170     522.729E-03
            2171     289.177E-03
            2172         1.33465
            2173         1.19947
            2174     964.697E-03
            2175     726.766E-03
            2176     418.426E-03
            2177         1.15869
            2178         1.08773
            2179         1.04545
            2180         1.04109
            2181         1.03175
            2182         1.04859
            2183         1.02132
            2184         1.01664
            2185         1.03021
            2186         1.05766
            2187     884.230E-03
            2188     911.137E-03
            2189     954.436E-03
            2190         1.00250
            2191         1.04297
            2192     627.520E-03
            2193     749.513E-03
            2194     897.287E-03
            2195     991.144E-03
            2196         1.04158
            2197     355.279E-03
            2198     628.396E-03
            2199     880.271E-03
            2200         1.04482
            2201         1.09035
            2202         1.11531
            2203         1.16470
            2204         1.00169
            2205     738.620E-03
            2206     425.405E-03
            2207     809.232E-03
            2208     721.735E-03
            2209     608.064E-03
            2210     902.468E-03
            2211     592.331E-03
            2212     315.200E-03
            2213     754.793E-03
            2214     792.206E-03
            2215     824.760E-03
            2216     853.421E-03
            2217     892.844E-03
            2218     928.235E-03
            2219     730.166E-03
            2220     757.789E-03
            2221     789.856E-03
            2222     825.570E-03
            2223     863.393E-03
            2224     897.627E-03
            2225     678.120E-03
            2226     711.842E-03
            2227     746.802E-03
            2228     788.966E-03
            2229     828.878E-03
            2230     853.916E-03
            2231     681.870E-03
            2232     657.391E-03
            2233     696.528E-03
            2234     753.734E-03
            2235     804.700E-03
            2236     837.374E-03
            2237     491.313E-03
            2238     544.315E-03
            2239     636.468E-03
            2240     729.967E-03
            2241     801.810E-03
            2242     832.458E-03
            2243     268.781E-03
            2244     439.838E-03
            2245     609.196E-03
            2246     755.572E-03
            2247     859.878E-03
            2248     906.187E-03
            2249     989.821E-03
            2250     924.729E-03
            2251     808.773E-03
            2252     666.353E-03
            2253     476.692E-03
            2254     267.146E-03
            2255         1.04945
            2256     975.553E-03
            2257     952.949E-03
            2258     964.251E-03
            2259     958.287E-03
            2260     969.127E-03
            2261     926.137E-03
            2262     915.898E-03
            2263     920.893E-03
            2264     926.537E-03
            2265     842.653E-03
            2266     843.118E-03
            2267     854.348E-03
            2268     874.664E-03
            2269     891.091E-03
            2270     674.165E-03
            2271     720.616E-03
            2272     780.575E-03
            2273     835.403E-03
            2274     877.346E-03
            2275     483.451E-03
            2276     595.788E-03
            2277     717.508E-03
            2278     817.576E-03
            2279     892.789E-03
            2280     281.512E-03
            2281     502.087E-03
            2282     704.346E-03
            2283     847.777E-03
            2284     914.756E-03
            2285     947.696E-03
            2286     907.011E-03
            2287     790.810E-03
            2288     587.936E-03
            2289     339.463E-03
            2290         1.09621
            2291         1.05925
            2292     926.904E-03
            2293     760.736E-03
            2294     575.140E-03
            2295     371.515E-03
            2296     947.981E-03
            2297     891.566E-03
            2298     911.137E-03
            2299     927.210E-03
            2300     963.252E-03
            2301     983.158E-03
            2302     862.710E-03
            2303     837.363E-03
            2304     864.778E-03
            2305     907.171E-03
            2306     954.014E-03
            2307     987.492E-03
            2308     701.040E-03
            2309     730.295E-03
            2310     800.778E-03
            2311     878.760E-03
            2312     949.063E-03
            2313     995.125E-03
            2314     492.439E-03
            2315     599.943E-03
            2316     739.941E-03
            2317     867.007E-03
            2318     970.150E-03
            2319         1.03585
            2320     274.961E-03
            2321     497.715E-03
            2322     735.580E-03
            2323     908.555E-03
            2324         1.04515
            2325         1.10902
            2326         1.24683
            2327         1.14587
            2328     983.306E-03
            2329     769.438E-03
            2330     548.295E-03
            2331     318.779E-03
            2332         1.07865
            2333     971.163E-03
            2334     760.688E-03
            2335     522.729E-03
            2336     289.177E-03
            2337         1.33465
            2338         1.19947
            2339     964.697E-03
            2340     726.766E-03
            2341     418.426E-03
            2342         1.15869
            2343         1.08773
            2344         1.04545
            2345         1.04109
            2346         1.03175
            2347         1.04859
            2348         1.02132
            2349         1.01664
            2350         1.03021
            2351         1.05766
            2352     884.230E-03
            2353     911.137E-03
            2354     954.436E-03
            2355         1.00250
            2356         1.04297
            2357     627.520E-03
            2358     749.513E-03
            2359     897.287E-03
            2360     991.144E-03
            2361         1.04158
            2362     355.279E-03
            2363     628.396E-03
            2364     880.271E-03
            2365         1.04482
            2366         1.09035
            2367         1.11531
            2368         1.16470
            2369         1.00169
            2370     738.620E-03
            2371     425.405E-03
            2372     809.232E-03
            2373     721.735E-03
            2374     608.064E-03
            2375     902.468E-03
            2376     592.331E-03
            2377     315.200E-03
            2378     754.793E-03
            2379     792.206E-03
            2380     824.760E-03
            2381     853.421E-03
            2382     892.844E-03
            2383     928.235E-03
            2384     730.166E-03
            2385     757.789E-03
            2386     789.856E-03
            2387     825.570E-03
            2388     863.393E-03
            2389     897.627E-03
            2390     678.120E-03
            2391     711.842E-03
            2392     746.802E-03
            2393     788.966E-03
            2394     828.878E-03
            2395     853.916E-03
            2396     681.870E-03
            2397     657.391E-03
            2398     696.528E-03
            2399     753.734E-03
            2400     804.700E-03
            2401     837.374E-03
            2402     491.313E-03
            2403     544.315E-03
            2404     636.468E-03
            2405     729.967E-03
            2406     801.810E-03
            2407     832.458E-03
            2408     268.781E-03
            2409     439.838E-03
            2410     609.196E-03
            2411     755.572E-03
            2412     859.878E-03
            2413     906.187E-03
            2414     989.821E-03
            2415     924.729E-03
            2416     808.773E-03
            2417     666.353E-03
            2418     476.692E-03
            2419     267.146E-03
            2420         1.04945
            2421     975.553E-03
            2422     952.949E-03
            2423     964.251E-03
            2424     958.287E-03
            2425     969.127E-03
            2426     926.137E-03
            2427     915.898E-03
            2428     920.893E-03
            2429     926.537E-03
            2430     842.653E-03
            2431     843.118E-03
            2432     854.348E-03
            2433     874.664E-03
            2434     891.091E-03
            2435     674.165E-03
            2436     720.616E-03
            2437     780.575E-03
            2438     835.403E-03
            2439     877.346E-03
            2440     483.451E-03
            2441     595.788E-03
            2442     717.508E-03
            2443     817.576E-03
            2444     892.789E-03
            2445     281.512E-03
            2446     502.087E-03
            2447     704.346E-03
            2448     847.777E-03
            2449     914.756E-03
            2450     947.696E-03
            2451     907.011E-03
            2452     790.810E-03
            2453     587.936E-03
            2454     339.463E-03
            2455         1.09621
            2456         1.05925
            2457     926.904E-03
            2458     760.736E-03
            2459     575.140E-03
            2460     371.515E-03
            2461     947.981E-03
            2462     891.566E-03
            2463     911.137E-03
            2464     927.210E-03
            2465     963.252E-03
            2466     983.158E-03
            2467     862.710E-03
            2468     837.363E-03
            2469     864.778E-03
            2470     907.171E-03
            2471     954.014E-03
            2472     987.492E-03
            2473     701.040E-03
            2474     730.295E-03
            2475     800.778E-03
            2476     878.760E-03
            2477     949.063E-03
            2478     995.125E-03
            2479     492.439E-03
            2480     599.943E-03
            2481     739.941E-03
            2482     867.007E-03
            2483     970.150E-03
            2484         1.03585
            2485     274.961E-03
            2486     497.715E-03
            2487     735.580E-03
            2488     908.555E-03
            2489         1.04515
            2490         1.10902
            2491         1.24683
            2492         1.14587
            2493     983.306E-03
            2494     769.438E-03
            2495     548.295E-03
            2496     318.779E-03
            2497         1.07865
            2498     971.163E-03
            2499     760.688E-03
            2500     522.729E-03
            2501     289.177E-03
            2502         1.33465
            2503         1.19947
            2504     964.697E-03
            2505     726.766E-03
            2506     418.426E-03
            2507         1.15869
            2508         1.08773
            2509         1.04545
            2510         1.04109
            2511         1.03175
            2512         1.04859
            2513         1.02132
            2514         1.01664
            2515         1.03021
            2516         1.05766
            2517     884.230E-03
            2518     911.137E-03
            2519     954.436E-03
            2520         1.00250
            2521         1.04297
            2522     627.520E-03
            2523     749.513E-03
            2524     897.287E-03
            2525     991.144E-03
            2526         1.04158
            2527     355.279E-03
            2528     628.396E-03
            2529     880.271E-03
            2530         1.04482
            2531         1.09035
            2532         1.11531
            2533         1.16470
            2534         1.00169
            2535     738.620E-03
            2536     425.405E-03
            2537     809.232E-03
            2538     721.735E-03
            2539     608.064E-03
            2540     902.468E-03
            2541     592.331E-03
            2542     315.200E-03
            2543     754.793E-03
            2544     792.206E-03
            2545     824.760E-03
            2546     853.421E-03
            2547     892.844E-03
            2548     928.235E-03
            2549     730.166E-03
            2550     757.789E-03
            2551     789.856E-03
            2552     825.570E-03
            2553     863.393E-03
            2554     897.627E-03
            2555     678.120E-03
            2556     711.842E-03
            2557     746.802E-03
            2558     788.966E-03
            2559     828.878E-03
            2560     853.916E-03
            2561     681.870E-03
            2562     657.391E-03
            2563     696.528E-03
            2564     753.734E-03
            2565     804.700E-03
            2566     837.374E-03
            2567     491.313E-03
            2568     544.315E-03
            2569     636.468E-03
            2570     729.967E-03
            2571     801.810E-03
            2572     832.458E-03
            2573     268.781E-03
            2574     439.838E-03
            2575     609.196E-03
            2576     755.572E-03
            2577     859.878E-03
            2578     906.187E-03
            2579     989.821E-03
            2580     924.729E-03
            2581     808.773E-03
            2582     666.353E-03
            2583     476.692E-03
            2584     267.146E-03
            2585         1.04945
            2586     975.553E-03
            2587     952.949E-03
            2588     964.251E-03
            2589     958.287E-03
            2590     969.127E-03
            2591     926.137E-03
            2592     915.898E-03
            2593     920.893E-03
            2594     926.537E-03
            2595     842.653E-03
            2596     843.118E-03
            2597     854.348E-03
            2598     874.664E-03
            2599     891.091E-03
            2600     674.165E-03
            2601     720.616E-03
            2602     780.575E-03
            2603     835.403E-03
            2604     877.346E-03
            2605     483.451E-03
            2606     595.788E-03
            2607     717.508E-03
            2608     817.576E-03
            2609     892.789E-03
            2610     281.512E-03
            2611     502.087E-03
            2612     704.346E-03
            2613     847.777E-03
            2614     914.756E-03
            2615     947.696E-03
            2616     907.011E-03
            2617     790.810E-03
            2618     587.936E-03
            2619     339.463E-03
            2620         1.09621
            2621         1.05925
            2622     926.904E-03
            2623     760.736E-03
            2624     575.140E-03
            2625     371.515E-03
            2626     947.981E-03
            2627     891.566E-03
            2628     911.137E-03
            2629     927.210E-03
            2630     963.252E-03
            2631     983.158E-03
            2632     862.710E-03
            2633     837.363E-03
            2634     864.778E-03
            2635     907.171E-03
            2636     954.014E-03
            2637     987.492E-03
            2638     701.040E-03
            2639     730.295E-03
            2640     800.778E-03
            2641     878.760E-03
            2642     949.063E-03
            2643     995.125E-03
            2644     492.439E-03
            2645     599.943E-03
            2646     739.941E-03
            2647     867.007E-03
            2648     970.150E-03
            2649         1.03585
            2650     274.961E-03
            2651     497.715E-03
            2652     735.580E-03
            2653     908.555E-03
            2654         1.04515
            2655         1.10902
            2656         1.24683
            2657         1.14587
            2658     983.306E-03
            2659     769.438E-03
            2660     548.295E-03
            2661     318.779E-03
            2662         1.07865
            2663     971.163E-03
            2664     760.688E-03
            2665     522.729E-03
            2666     289.177E-03
            2667         1.33465
            2668         1.19947
            2669     964.697E-03
            2670     726.766E-03
            2671     418.426E-03
            2672         1.15869
            2673         1.08773
            2674         1.04545
            2675         1.04109
            2676         1.03175
            2677         1.04859
            2678         1.02132
            2679         1.01664
            2680         1.03021
            2681         1.05766
            2682     884.230E-03
            2683     911.137E-03
            2684     954.436E-03
            2685         1.00250
            2686         1.04297
            2687     627.520E-03
            2688     749.513E-03
            2689     897.287E-03
            2690     991.144E-03
            2691         1.04158
            2692     355.279E-03
            2693     628.396E-03
            2694     880.271E-03
            2695         1.04482
            2696         1.09035
            2697         1.11531
            2698         1.16470
            2699         1.00169
            2700     738.620E-03
            2701     425.405E-03
            2702     809.232E-03
            2703     721.735E-03
            2704     608.064E-03
            2705     902.468E-03
            2706     592.331E-03
            2707     315.200E-03
            2708     754.793E-03
            2709     792.206E-03
            2710     824.760E-03
            2711     853.421E-03
            2712     892.844E-03
            2713     928.235E-03
            2714     730.166E-03
            2715     757.789E-03
            2716     789.856E-03
            2717     825.570E-03
            2718     863.393E-03
            2719     897.627E-03
            2720     678.120E-03
            2721     711.842E-03
            2722     746.802E-03
            2723     788.966E-03
            2724     828.878E-03
            2725     853.916E-03
            2726     681.870E-03
            2727     657.391E-03
            2728     696.528E-03
            2729     753.734E-03
            2730     804.700E-03
            2731     837.374E-03
            2732     491.313E-03
            2733     544.315E-03
            2734     636.468E-03
            2735     729.967E-03
            2736     801.810E-03
            2737     832.458E-03
            2738     268.781E-03
            2739     439.838E-03
            2740     609.196E-03
            2741     755.572E-03
            2742     859.878E-03
            2743     906.187E-03
            2744     989.821E-03
            2745     924.729E-03
            2746     808.773E-03
            2747     666.353E-03
            2748     476.692E-03
            2749     267.146E-03
            2750         1.04945
            2751     975.553E-03
            2752     952.949E-03
            2753     964.251E-03
            2754     958.287E-03
            2755     969.127E-03
            2756     926.137E-03
            2757     915.898E-03
            2758     920.893E-03
            2759     926.537E-03
            2760     842.653E-03
            2761     843.118E-03
            2762     854.348E-03
            2763     874.664E-03
            2764     891.091E-03
            2765     674.165E-03
            2766     720.616E-03
            2767     780.575E-03
            2768     835.403E-03
            2769     877.346E-03
            2770     483.451E-03
            2771     595.788E-03
            2772     717.508E-03
            2773     817.576E-03
            2774     892.789E-03
            2775     281.512E-03
            2776     502.087E-03
            2777     704.346E-03
            2778     847.777E-03
            2779     914.756E-03
            2780     947.696E-03
            2781     907.011E-03
            2782     790.810E-03
            2783     587.936E-03
            2784     339.463E-03
            2785         1.09621
            2786         1.05925
            2787     926.904E-03
            2788     760.736E-03
            2789     575.140E-03
            2790     371.515E-03
            2791     947.981E-03
            2792     891.566E-03
            2793     911.137E-03
            2794     927.210E-03
            2795     963.252E-03
            2796     983.158E-03
            2797     862.710E-03
            2798     837.363E-03
            2799     864.778E-03
            2800     907.171E-03
            2801     954.014E-03
            2802     987.492E-03
            2803     701.040E-03
            2804     730.295E-03
            2805     800.778E-03
            2806     878.760E-03
            2807     949.063E-03
            2808     995.125E-03
            2809     492.439E-03
            2810     599.943E-03
            2811     739.941E-03
            2812     867.007E-03
            2813     970.150E-03
            2814         1.03585
            2815     274.961E-03
            2816     497.715E-03
            2817     735.580E-03
            2818     908.555E-03
            2819         1.04515
            2820         1.10902
            2821         1.24683
            2822         1.14587
            2823     983.306E-03
            2824     769.438E-03
            2825     548.295E-03
            2826     318.779E-03
            2827         1.07865
            2828     971.163E-03
            2829     760.688E-03
            2830     522.729E-03
            2831     289.177E-03
            2832         1.33465
            2833         1.19947
            2834     964.697E-03
            2835     726.766E-03
            2836     418.426E-03
            2837         1.15869
            2838         1.08773
            2839         1.04545
            2840         1.04109
            2841         1.03175
            2842         1.04859
            2843         1.02132
            2844         1.01664
            2845         1.03021
            2846         1.05766
            2847     884.230E-03
            2848     911.137E-03
            2849     954.436E-03
            2850         1.00250
            2851         1.04297
            2852     627.520E-03
            2853     749.513E-03
            2854     897.287E-03
            2855     991.144E-03
            2856         1.04158
            2857     355.279E-03
            2858     628.396E-03
            2859     880.271E-03
            2860         1.04482
            2861         1.09035
            2862         1.11531
            2863         1.16470
            2864         1.00169
            2865     738.620E-03
            2866     425.405E-03
            2867     809.232E-03
            2868     721.735E-03
            2869     608.064E-03
            2870     902.468E-03
            2871     592.331E-03
            2872     315.200E-03
            2873     754.793E-03
            2874     792.206E-03
            2875     824.760E-03
            2876     853.421E-03
            2877     892.844E-03
            2878     928.235E-03
            2879     730.166E-03
            2880     757.789E-03
            2881     789.856E-03
            2882     825.570E-03
            2883     863.393E-03
            2884     897.627E-03
            2885     678.120E-03
            2886     711.842E-03
            2887     746.802E-03
            2888     788.966E-03
            2889     828.878E-03
            2890     853.916E-03
            2891     681.870E-03
            2892     657.391E-03
            2893     696.528E-03
            2894     753.734E-03
            2895     804.700E-03
            2896     837.374E-03
            2897     491.313E-03
            2898     544.315E-03
            2899     636.468E-03
            2900     729.967E-03
            2901     801.810E-03
            2902     832.458E-03
            2903     268.781E-03
            2904     439.838E-03
            2905     609.196E-03
            2906     755.572E-03
            2907     859.878E-03
            2908     906.187E-03
            2909     989.821E-03
            2910     924.729E-03
            2911     808.773E-03
            2912     666.353E-03
            2913     476.692E-03
            2914     267.146E-03
            2915         1.04945
            2916     975.553E-03
            2917     952.949E-03
            2918     964.251E-03
            2919     958.287E-03
            2920     969.127E-03
            2921     926.137E-03
            2922     915.898E-03
            2923     920.893E-03
            2924     926.537E-03
            2925     842.653E-03
            2926     843.118E-03
            2927     854.348E-03
            2928     874.664E-03
            2929     891.091E-03
            2930     674.165E-03
            2931     720.616E-03
            2932     780.575E-03
            2933     835.403E-03
            2934     877.346E-03
            2935     483.451E-03
            2936     595.788E-03
            2937     717.508E-03
            2938     817.576E-03
            2939     892.789E-03
            2940     281.512E-03
            2941     502.087E-03
            2942     704.346E-03
            2943     847.777E-03
            2944     914.756E-03
            2945     947.696E-03
            2946     907.011E-03
            2947     790.810E-03
            2948     587.936E-03
            2949     339.463E-03
            2950         1.09621
            2951         1.05925
            2952     926.904E-03
            2953     760.736E-03
            2954     575.140E-03
            2955     371.515E-03
            2956     947.981E-03
            2957     891.566E-03
            2958     911.137E-03
            2959     927.210E-03
            2960     963.252E-03
            2961     983.158E-03
            2962     862.710E-03
            2963     837.363E-03
            2964     864.778E-03
            2965     907.171E-03
            2966     954.014E-03
            2967     987.492E-03
            2968     701.040E-03
            2969     730.295E-03
            2970     800.778E-03
            2971     878.760E-03
            2972     949.063E-03
            2973     995.125E-03
            2974     492.439E-03
            2975     599.943E-03
            2976     739.941E-03
            2977     867.007E-03
            2978     970.150E-03
            2979         1.03585
            2980     274.961E-03
            2981     497.715E-03
            2982     735.580E-03
            2983     908.555E-03
            2984         1.04515
            2985         1.10902
            2986         1.24683
            2987         1.14587
            2988     983.306E-03
            2989     769.438E-03
            2990     548.295E-03
            2991     318.779E-03
            2992         1.07865
            2993     971.163E-03
            2994     760.688E-03
            2995     522.729E-03
            2996     289.177E-03
            2997         1.33465
            2998         1.19947
            2999     964.697E-03
            3000     726.766E-03
            3001     418.426E-03
            3002         1.15869
            3003         1.08773
            3004         1.04545
            3005         1.04109
            3006         1.03175
            3007         1.04859
            3008         1.02132
            3009         1.01664
            3010         1.03021
            3011         1.05766
            3012     884.230E-03
            3013     911.137E-03
            3014     954.436E-03
            3015         1.00250
            3016         1.04297
            3017     627.520E-03
            3018     749.513E-03
            3019     897.287E-03
            3020     991.144E-03
            3021         1.04158
            3022     355.279E-03
            3023     628.396E-03
            3024     880.271E-03
            3025         1.04482
            3026         1.09035
            3027         1.11531
            3028         1.16470
            3029         1.00169
            3030     738.620E-03
            3031     425.405E-03
            3032     809.232E-03
            3033     721.735E-03
            3034     608.064E-03
            3035     902.468E-03
            3036     592.331E-03
            3037     315.200E-03
            3038     754.793E-03
            3039     792.206E-03
            3040     824.760E-03
            3041     853.421E-03
            3042     892.844E-03
            3043     928.235E-03
            3044     730.166E-03
            3045     757.789E-03
            3046     789.856E-03
            3047     825.570E-03
            3048     863.393E-03
            3049     897.627E-03
            3050     678.120E-03
            3051     711.842E-03
            3052     746.802E-03
            3053     788.966E-03
            3054     828.878E-03
            3055     853.916E-03
            3056     681.870E-03
            3057     657.391E-03
            3058     696.528E-03
            3059     753.734E-03
            3060     804.700E-03
            3061     837.374E-03
            3062     491.313E-03
            3063     544.315E-03
            3064     636.468E-03
            3065     729.967E-03
            3066     801.810E-03
            3067     832.458E-03
            3068     268.781E-03
            3069     439.838E-03
            3070     609.196E-03
            3071     755.572E-03
            3072     859.878E-03
            3073     906.187E-03
            3074     989.821E-03
            3075     924.729E-03
            3076     808.773E-03
            3077     666.353E-03
            3078     476.692E-03
            3079     267.146E-03
            3080         1.04945
            3081     975.553E-03
            3082     952.949E-03
            3083     964.251E-03
            3084     958.287E-03
            3085     969.127E-03
            3086     926.137E-03
            3087     915.898E-03
            3088     920.893E-03
            3089     926.537E-03
            3090     842.653E-03
            3091     843.118E-03
            3092     854.348E-03
            3093     874.664E-03
            3094     891.091E-03
            3095     674.165E-03
            3096     720.616E-03
            3097     780.575E-03
            3098     835.403E-03
            3099     877.346E-03
            3100     483.451E-03
            3101     595.788E-03
            3102     717.508E-03
            3103     817.576E-03
            3104     892.789E-03
            3105     281.512E-03
            3106     502.087E-03
            3107     704.346E-03
            3108     847.777E-03
            3109     914.756E-03
            3110     947.696E-03
            3111     907.011E-03
            3112     790.810E-03
            3113     587.936E-03
            3114     339.463E-03
            3115         1.09621
            3116         1.05925
            3117     926.904E-03
            3118     760.736E-03
            3119     575.140E-03
            3120     371.515E-03
            3121     947.981E-03
            3122     891.566E-03
            3123     911.137E-03
            3124     927.210E-03
            3125     963.252E-03
            3126     983.158E-03
            3127     862.710E-03
            3128     837.363E-03
            3129     864.778E-03
            3130     907.171E-03
            3131     954.014E-03
            3132     987.492E-03
            3133     701.040E-03
            3134     730.295E-03
            3135     800.778E-03
            3136     878.760E-03
            3137     949.063E-03
            3138     995.125E-03
            3139     492.439E-03
            3140     599.943E-03
            3141     739.941E-03
            3142     867.007E-03
            3143     970.150E-03
            3144         1.03585
            3145     274.961E-03
            3146     497.715E-03
            3147     735.580E-03
            3148     908.555E-03
            3149         1.04515
            3150         1.10902
            3151         1.24683
            3152         1.14587
            3153     983.306E-03
            3154     769.438E-03
            3155     548.295E-03
            3156     318.779E-03
            3157         1.07865
            3158     971.163E-03
            3159     760.688E-03
            3160     522.729E-03
            3161     289.177E-03
            3162         1.33465
            3163         1.19947
            3164     964.697E-03
            3165     726.766E-03
            3166     418.426E-03
            3167         1.15869
            3168         1.08773
            3169         1.04545
            3170         1.04109
            3171         1.03175
            3172         1.04859
            3173         1.02132
            3174         1.01664
            3175         1.03021
            3176         1.05766
            3177     884.230E-03
            3178     911.137E-03
            3179     954.436E-03
            3180         1.00250
            3181         1.04297
            3182     627.520E-03
            3183     749.513E-03
            3184     897.287E-03
            3185     991.144E-03
            3186         1.04158
            3187     355.279E-03
            3188     628.396E-03
            3189     880.271E-03
            3190         1.04482
            3191         1.09035
            3192         1.11531
            3193         1.16470
            3194         1.00169
            3195     738.620E-03
            3196     425.405E-03
            3197     809.232E-03
            3198     721.735E-03
            3199     608.064E-03
            3200     902.468E-03
            3201     592.331E-03
            3202     315.200E-03
            3203     754.793E-03
            3204     792.206E-03
            3205     824.760E-03
            3206     853.421E-03
            3207     892.844E-03
            3208     928.235E-03
            3209     730.166E-03
            3210     757.789E-03
            3211     789.856E-03
            3212     825.570E-03
            3213     863.393E-03
            3214     897.627E-03
            3215     678.120E-03
            3216     711.842E-03
            3217     746.802E-03
            3218     788.966E-03
            3219     828.878E-03
            3220     853.916E-03
            3221     681.870E-03
            3222     657.391E-03
            3223     696.528E-03
            3224     753.734E-03
            3225     804.700E-03
            3226     837.374E-03
            3227     491.313E-03
            3228     544.315E-03
            3229     636.468E-03
            3230     729.967E-03
            3231     801.810E-03
            3232     832.458E-03
            3233     268.781E-03
            3234     439.838E-03
            3235     609.196E-03
            3236     755.572E-03
            3237     859.878E-03
            3238     906.187E-03
            3239     989.821E-03
            3240     924.729E-03
            3241     808.773E-03
            3242     666.353E-03
            3243     476.692E-03
            3244     267.146E-03
            3245         1.04945
            3246     975.553E-03
            3247     952.949E-03
            3248     964.251E-03
            3249     958.287E-03
            3250     969.127E-03
            3251     926.137E-03
            3252     915.898E-03
            3253     920.893E-03
            3254     926.537E-03
            3255     842.653E-03
            3256     843.118E-03
            3257     854.348E-03
            3258     874.664E-03
            3259     891.091E-03
            3260     674.165E-03
            3261     720.616E-03
            3262     780.575E-03
            3263     835.403E-03
            3264     877.346E-03
            3265     483.451E-03
            3266     595.788E-03
            3267     717.508E-03
            3268     817.576E-03
            3269     892.789E-03
            3270     281.512E-03
            3271     502.087E-03
            3272     704.346E-03
            3273     847.777E-03
            3274     914.756E-03
            3275     947.696E-03
            3276     907.011E-03
            3277     790.810E-03
            3278     587.936E-03
            3279     339.463E-03
            3280         1.09621
            3281         1.05925
            3282     926.904E-03
            3283     760.736E-03
            3284     575.140E-03
            3285     371.515E-03
            3286     947.981E-03
            3287     891.566E-03
            3288     911.137E-03
            3289     927.210E-03
            3290     963.252E-03
            3291     983.158E-03
            3292     862.710E-03
            3293     837.363E-03
            3294     864.778E-03
            3295     907.171E-03
            3296     954.014E-03
            3297     987.492E-03
            3298     701.040E-03
            3299     730.295E-03
            3300     800.778E-03
            3301     878.760E-03
            3302     949.063E-03
            3303     995.125E-03
            3304     492.439E-03
            3305     599.943E-03
            3306     739.941E-03
            3307     867.007E-03
            3308     970.150E-03
            3309         1.03585
            3310     274.961E-03
            3311     497.715E-03
            3312     735.580E-03
            3313     908.555E-03
            3314         1.04515
            3315         1.10902
            3316         1.24683
            3317         1.14587
            3318     983.306E-03
            3319     769.438E-03
            3320     548.295E-03
            3321     318.779E-03
            3322         1.07865
            3323     971.163E-03
            3324     760.688E-03
            3325     522.729E-03
            3326     289.177E-03
            3327         1.33465
            3328         1.19947
            3329     964.697E-03
            3330     726.766E-03
            3331     418.426E-03
            3332         1.15869
            3333         1.08773
            3334         1.04545
            3335         1.04109
            3336         1.03175
            3337         1.04859
            3338         1.02132
            3339         1.01664
            3340         1.03021
            3341         1.05766
            3342     884.230E-03
            3343     911.137E-03
            3344     954.436E-03
            3345         1.00250
            3346         1.04297
            3347     627.520E-03
            3348     749.513E-03
            3349     897.287E-03
            3350     991.144E-03
            3351         1.04158
            3352     355.279E-03
            3353     628.396E-03
            3354     880.271E-03
            3355         1.04482
            3356         1.09035
            3357         1.11531
            3358         1.16470
            3359         1.00169
            3360     738.620E-03
            3361     425.405E-03
            3362     809.232E-03
            3363     721.735E-03
            3364     608.064E-03
            3365     902.468E-03
            3366     592.331E-03
            3367     315.200E-03
            3368     754.793E-03
            3369     792.206E-03
            3370     824.760E-03
            3371     853.421E-03
            3372     892.844E-03
            3373     928.235E-03
            3374     730.166E-03
            3375     757.789E-03
            3376     789.856E-03
            3377     825.570E-03
            3378     863.393E-03
            3379     897.627E-03
            3380     678.120E-03
            3381     711.842E-03
            3382     746.802E-03
            3383     788.966E-03
            3384     828.878E-03
            3385     853.916E-03
            3386     681.870E-03
            3387     657.391E-03
            3388     696.528E-03
            3389     753.734E-03
            3390     804.700E-03
            3391     837.374E-03
            3392     491.313E-03
            3393     544.315E-03
            3394     636.468E-03
            3395     729.967E-03
            3396     801.810E-03
            3397     832.458E-03
            3398     268.781E-03
            3399     439.838E-03
            3400     609.196E-03
            3401     755.572E-03
            3402     859.878E-03
            3403     906.187E-03
            3404     989.821E-03
            3405     924.729E-03
            3406     808.773E-03
            3407     666.353E-03
            3408     476.692E-03
            3409     267.146E-03
            3410         1.04945
            3411     975.553E-03
            3412     952.949E-03
            3413     964.251E-03
            3414     958.287E-03
            3415     969.127E-03
            3416     926.137E-03
            3417     915.898E-03
            3418     920.893E-03
            3419     926.537E-03
            3420     842.653E-03
            3421     843.118E-03
            3422     854.348E-03
            3423     874.664E-03
            3424     891.091E-03
            3425     674.165E-03
            3426     720.616E-03
            3427     780.575E-03
            3428     835.403E-03
            3429     877.346E-03
            3430     483.451E-03
            3431     595.788E-03
            3432     717.508E-03
            3433     817.576E-03
            3434     892.789E-03
            3435     281.512E-03
            3436     502.087E-03
            3437     704.346E-03
            3438     847.777E-03
            3439     914.756E-03
            3440     947.696E-03
            3441     907.011E-03
            3442     790.810E-03
            3443     587.936E-03
            3444     339.463E-03
            3445         1.09621
            3446         1.05925
            3447     926.904E-03
            3448     760.736E-03
            3449     575.140E-03
            3450     371.515E-03
            3451     947.981E-03
            3452     891.566E-03
            3453     911.137E-03
            3454     927.210E-03
            3455     963.252E-03
            3456     983.158E-03
            3457     862.710E-03
            3458     837.363E-03
            3459     864.778E-03
            3460     907.171E-03
            3461     954.014E-03
            3462     987.492E-03
            3463     701.040E-03
            3464     730.295E-03
            3465     800.778E-03
            3466     878.760E-03
            3467     949.063E-03
            3468     995.125E-03
            3469     492.439E-03
            3470     599.943E-03
            3471     739.941E-03
            3472     867.007E-03
            3473     970.150E-03
            3474         1.03585
            3475     274.961E-03
            3476     497.715E-03
            3477     735.580E-03
            3478     908.555E-03
            3479         1.04515
            3480         1.10902
            3481         1.24683
            3482         1.14587
            3483     983.306E-03
            3484     769.438E-03
            3485     548.295E-03
            3486     318.779E-03
            3487         1.07865
            3488     971.163E-03
            3489     760.688E-03
            3490     522.729E-03
            3491     289.177E-03
            3492         1.33465
            3493         1.19947
            3494     964.697E-03
            3495     726.766E-03
            3496     418.426E-03
            3497         1.15869
            3498         1.08773
            3499         1.04545
            3500         1.04109
            3501         1.03175
            3502         1.04859
            3503         1.02132
            3504         1.01664
            3505         1.03021
            3506         1.05766
            3507     884.230E-03
            3508     911.137E-03
            3509     954.436E-03
            3510         1.00250
            3511         1.04297
            3512     627.520E-03
            3513     749.513E-03
            3514     897.287E-03
            3515     991.144E-03
            3516         1.04158
            3517     355.279E-03
            3518     628.396E-03
            3519     880.271E-03
            3520         1.04482
            3521         1.09035
            3522         1.11531
            3523         1.16470
            3524         1.00169
            3525     738.620E-03
            3526     425.405E-03
            3527     809.232E-03
            3528     721.735E-03
            3529     608.064E-03
            3530     902.468E-03
            3531     592.331E-03
            3532     315.200E-03
            3533     754.793E-03
            3534     792.206E-03
            3535     824.760E-03
            3536     853.421E-03
            3537     892.844E-03
            3538     928.235E-03
            3539     730.166E-03
            3540     757.789E-03
            3541     789.856E-03
            3542     825.570E-03
            3543     863.393E-03
            3544     897.627E-03
            3545     678.120E-03
            3546     711.842E-03
            3547     746.802E-03
            3548     788.966E-03
            3549     828.878E-03
            3550     853.916E-03
            3551     681.870E-03
            3552     657.391E-03
            3553     696.528E-03
            3554     753.734E-03
            3555     804.700E-03
            3556     837.374E-03
            3557     491.313E-03
            3558     544.315E-03
            3559     636.468E-03
            3560     729.967E-03
            3561     801.810E-03
            3562     832.458E-03
            3563     268.781E-03
            3564     439.838E-03
            3565     609.196E-03
            3566     755.572E-03
            3567     859.878E-03
            3568     906.187E-03
            3569     989.821E-03
            3570     924.729E-03
            3571     808.773E-03
            3572     666.353E-03
            3573     476.692E-03
            3574     267.146E-03
            3575         1.04945
            3576     975.553E-03
            3577     952.949E-03
            3578     964.251E-03
            3579     958.287E-03
            3580     969.127E-03
            3581     926.137E-03
            3582     915.898E-03
            3583     920.893E-03
            3584     926.537E-03
            3585     842.653E-03
            3586     843.118E-03
            3587     854.348E-03
            3588     874.664E-03
            3589     891.091E-03
            3590     674.165E-03
            3591     720.616E-03
            3592     780.575E-03
            3593     835.403E-03
            3594     877.346E-03
            3595     483.451E-03
            3596     595.788E-03
            3597     717.508E-03
            3598     817.576E-03
            3599     892.789E-03
            3600     281.512E-03
            3601     502.087E-03
            3602     704.346E-03
            3603     847.777E-03
            3604     914.756E-03
            3605     947.696E-03
            3606     907.011E-03
            3607     790.810E-03
            3608     587.936E-03
            3609     339.463E-03
            3610         1.09621
            3611         1.05925
            3612     926.904E-03
            3613     760.736E-03
            3614     575.140E-03
            3615     371.515E-03
            3616     947.981E-03
            3617     891.566E-03
            3618     911.137E-03
            3619     927.210E-03
            3620     963.252E-03
            3621     983.158E-03
            3622     862.710E-03
            3623     837.363E-03
            3624     864.778E-03
            3625     907.171E-03
            3626     954.014E-03
            3627     987.492E-03
            3628     701.040E-03
            3629     730.295E-03
            3630     800.778E-03
            3631     878.760E-03
            3632     949.063E-03
            3633     995.125E-03
            3634     492.439E-03
            3635     599.943E-03
            3636     739.941E-03
            3637     867.007E-03
            3638     970.150E-03
            3639         1.03585
            3640     274.961E-03
            3641     497.715E-03
            3642     735.580E-03
            3643     908.555E-03
            3644         1.04515
            3645         1.10902
            3646         1.24683
            3647         1.14587
            3648     983.306E-03
            3649     769.438E-03
            3650     548.295E-03
            3651     318.779E-03
            3652         1.07865
            3653     971.163E-03
            3654     760.688E-03
            3655     522.729E-03
            3656     289.177E-03
            3657         1.33465
            3658         1.19947
            3659     964.697E-03
            3660     726.766E-03
            3661     418.426E-03
            3662         1.15869
            3663         1.08773
            3664         1.04545
            3665         1.04109
            3666         1.03175
            3667         1.04859
            3668         1.02132
            3669         1.01664
            3670         1.03021
            3671         1.05766
            3672     884.230E-03
            3673     911.137E-03
            3674     954.436E-03
            3675         1.00250
            3676         1.04297
            3677     627.520E-03
            3678     749.513E-03
            3679     897.287E-03
            3680     991.144E-03
            3681         1.04158
            3682     355.279E-03
            3683     628.396E-03
            3684     880.271E-03
            3685         1.04482
            3686         1.09035
            3687         1.11531
            3688         1.16470
            3689         1.00169
            3690     738.620E-03
            3691     425.405E-03
            3692     809.232E-03
            3693     721.735E-03
            3694     608.064E-03
            3695     902.468E-03
            3696     592.331E-03
            3697     315.200E-03
            3698     754.793E-03
            3699     792.206E-03
            3700     824.760E-03
            3701     853.421E-03
            3702     892.844E-03
            3703     928.235E-03
            3704     730.166E-03
            3705     757.789E-03
            3706     789.856E-03
            3707     825.570E-03
            3708     863.393E-03
            3709     897.627E-03
            3710     678.120E-03
            3711     711.842E-03
            3712     746.802E-03
            3713     788.966E-03
            3714     828.878E-03
            3715     853.916E-03
            3716     681.870E-03
            3717     657.391E-03
            3718     696.528E-03
            3719     753.734E-03
            3720     804.700E-03
            3721     837.374E-03
            3722     491.313E-03
            3723     544.315E-03
            3724     636.468E-03
            3725     729.967E-03
            3726     801.810E-03
            3727     832.458E-03
            3728     268.781E-03
            3729     439.838E-03
            3730     609.196E-03
            3731     755.572E-03
            3732     859.878E-03
            3733     906.187E-03
            3734     989.821E-03
            3735     924.729E-03
            3736     808.773E-03
            3737     666.353E-03
            3738     476.692E-03
            3739     267.146E-03
            3740         1.04945
            3741     975.553E-03
            3742     952.949E-03
            3743     964.251E-03
            3744     958.287E-03
            3745     969.127E-03
            3746     926.137E-03
            3747     915.898E-03
            3748     920.893E-03
            3749     926.537E-03
            3750     842.653E-03
            3751     843.118E-03
            3752     854.348E-03
            3753     874.664E-03
            3754     891.091E-03
            3755     674.165E-03
            3756     720.616E-03
            3757     780.575E-03
            3758     835.403E-03
            3759     877.346E-03
            3760     483.451E-03
            3761     595.788E-03
            3762     717.508E-03
            3763     817.576E-03
            3764     892.789E-03
            3765     281.512E-03
            3766     502.087E-03
            3767     704.346E-03
            3768     847.777E-03
            3769     914.756E-03
            3770     947.696E-03
            3771     907.011E-03
            3772     790.810E-03
            3773     587.936E-03
            3774     339.463E-03
            3775         1.09621
            3776         1.05925
            3777     926.904E-03
            3778     760.736E-03
            3779     575.140E-03
            3780     371.515E-03
            3781     947.981E-03
            3782     891.566E-03
            3783     911.137E-03
            3784     927.210E-03
            3785     963.252E-03
            3786     983.158E-03
            3787     862.710E-03
            3788     837.363E-03
            3789     864.778E-03
            3790     907.171E-03
            3791     954.014E-03
            3792     987.492E-03
            3793     701.040E-03
            3794     730.295E-03
            3795     800.778E-03
            3796     878.760E-03
            3797     949.063E-03
            3798     995.125E-03
            3799     492.439E-03
            3800     599.943E-03
            3801     739.941E-03
            3802     867.007E-03
            3803     970.150E-03
            3804         1.03585
            3805     274.961E-03
            3806     497.715E-03
            3807     735.580E-03
            3808     908.555E-03
            3809         1.04515
            3810         1.10902
            3811         1.24683
            3812         1.14587
            3813     983.306E-03
            3814     769.438E-03
            3815     548.295E-03
            3816     318.779E-03
            3817         1.07865
            3818     971.163E-03
            3819     760.688E-03
            3820     522.729E-03
            3821     289.177E-03
            3822         1.33465
            3823         1.19947
            3824     964.697E-03
            3825     726.766E-03
            3826     418.426E-03
            3827         1.15869
            3828         1.08773
            3829         1.04545
            3830         1.04109
            3831         1.03175
            3832         1.04859
            3833         1.02132
            3834         1.01664
            3835         1.03021
            3836         1.05766
            3837     884.230E-03
            3838     911.137E-03
            3839     954.436E-03
            3840         1.00250
            3841         1.04297
            3842     627.520E-03
            3843     749.513E-03
            3844     897.287E-03
            3845     991.144E-03
            3846         1.04158
            3847     355.279E-03
            3848     628.396E-03
            3849     880.271E-03
            3850         1.04482
            3851         1.09035
            3852         1.11531
            3853         1.16470
            3854         1.00169
            3855     738.620E-03
            3856     425.405E-03
            3857     809.232E-03
            3858     721.735E-03
            3859     608.064E-03
            3860     902.468E-03
            3861     592.331E-03
            3862     315.200E-03
            3863     754.793E-03
            3864     792.206E-03
            3865     824.760E-03
            3866     853.421E-03
            3867     892.844E-03
            3868     928.235E-03
            3869     730.166E-03
            3870     757.789E-03
            3871     789.856E-03
            3872     825.570E-03
            3873     863.393E-03
            3874     897.627E-03
            3875     678.120E-03
            3876     711.842E-03
            3877     746.802E-03
            3878     788.966E-03
            3879     828.878E-03
            3880     853.916E-03
            3881     681.870E-03
            3882     657.391E-03
            3883     696.528E-03
            3884     753.734E-03
            3885     804.700E-03
            3886     837.374E-03
            3887     491.313E-03
            3888     544.315E-03
            3889     636.468E-03
            3890     729.967E-03
            3891     801.810E-03
            3892     832.458E-03
            3893     268.781E-03
            3894     439.838E-03
            3895     609.196E-03
            3896     755.572E-03
            3897     859.878E-03
            3898     906.187E-03
            3899     989.821E-03
            3900     924.729E-03
            3901     808.773E-03
            3902     666.353E-03
            3903     476.692E-03
            3904     267.146E-03
            3905         1.04945
            3906     975.553E-03
            3907     952.949E-03
            3908     964.251E-03
            3909     958.287E-03
            3910     969.127E-03
            3911     926.137E-03
            3912     915.898E-03
            3913     920.893E-03
            3914     926.537E-03
            3915     842.653E-03
            3916     843.118E-03
            3917     854.348E-03
            3918     874.664E-03
            3919     891.091E-03
            3920     674.165E-03
            3921     720.616E-03
            3922     780.575E-03
            3923     835.403E-03
            3924     877.346E-03
            3925     483.451E-03
            3926     595.788E-03
            3927     717.508E-03
            3928     817.576E-03
            3929     892.789E-03
            3930     281.512E-03
            3931     502.087E-03
            3932     704.346E-03
            3933     847.777E-03
            3934     914.756E-03
            3935     947.696E-03
            3936     907.011E-03
            3937     790.810E-03
            3938     587.936E-03
            3939     339.463E-03
            3940         1.09621
            3941         1.05925
            3942     926.904E-03
            3943     760.736E-03
            3944     575.140E-03
            3945     371.515E-03
            3946     947.981E-03
            3947     891.566E-03
            3948     911.137E-03
            3949     927.210E-03
            3950     963.252E-03
            3951     983.158E-03
            3952     862.710E-03
            3953     837.363E-03
            3954     864.778E-03
            3955     907.171E-03
            3956     954.014E-03
            3957     987.492E-03
            3958     701.040E-03
            3959     730.295E-03
            3960     800.778E-03
            3961     878.760E-03
            3962     949.063E-03
            3963     995.125E-03
            3964     492.439E-03
            3965     599.943E-03
            3966     739.941E-03
            3967     867.007E-03
            3968     970.150E-03
            3969         1.03585
            3970     274.961E-03
            3971     497.715E-03
            3972     735.580E-03
            3973     908.555E-03
            3974         1.04515
            3975         1.10902
            3976         1.24683
            3977         1.14587
            3978     983.306E-03
            3979     769.438E-03
            3980     548.295E-03
            3981     318.779E-03
            3982         1.07865
            3983     971.163E-03
            3984     760.688E-03
            3985     522.729E-03
            3986     289.177E-03
            3987         1.33465
            3988         1.19947
            3989     964.697E-03
            3990     726.766E-03
            3991     418.426E-03
            3992         1.15869
            3993         1.08773
            3994         1.04545
            3995         1.04109
            3996         1.03175
            3997         1.04859
            3998         1.02132
            3999         1.01664
            4000         1.03021
            4001         1.05766
            4002     884.230E-03
            4003     911.137E-03
            4004     954.436E-03
            4005         1.00250
            4006         1.04297
            4007     627.520E-03
            4008     749.513E-03
            4009     897.287E-03
            4010     991.144E-03
            4011         1.04158
            4012     355.279E-03
            4013     628.396E-03
            4014     880.271E-03
            4015         1.04482
            4016         1.09035
            4017         1.11531
            4018         1.16470
            4019         1.00169
            4020     738.620E-03
            4021     425.405E-03
            4022     809.232E-03
            4023     721.735E-03
            4024     608.064E-03
            4025     902.468E-03
            4026     592.331E-03
            4027     315.200E-03
            4028     754.793E-03
            4029     792.206E-03
            4030     824.760E-03
            4031     853.421E-03
            4032     892.844E-03
            4033     928.235E-03
            4034     730.166E-03
            4035     757.789E-03
            4036     789.856E-03
            4037     825.570E-03
            4038     863.393E-03
            4039     897.627E-03
            4040     678.120E-03
            4041     711.842E-03
            4042     746.802E-03
            4043     788.966E-03
            4044     828.878E-03
            4045     853.916E-03
            4046     681.870E-03
            4047     657.391E-03
            4048     696.528E-03
            4049     753.734E-03
            4050     804.700E-03
            4051     837.374E-03
            4052     491.313E-03
            4053     544.315E-03
            4054     636.468E-03
            4055     729.967E-03
            4056     801.810E-03
            4057     832.458E-03
            4058     268.781E-03
            4059     439.838E-03
            4060     609.196E-03
            4061     755.572E-03
            4062     859.878E-03
            4063     906.187E-03
            4064     989.821E-03
            4065     924.729E-03
            4066     808.773E-03
            4067     666.353E-03
            4068     476.692E-03
            4069     267.146E-03
            4070         1.04945
            4071     975.553E-03
            4072     952.949E-03
            4073     964.251E-03
            4074     958.287E-03
            4075     969.127E-03
            4076     926.137E-03
            4077     915.898E-03
            4078     920.893E-03
            4079     926.537E-03
            4080     842.653E-03
            4081     843.118E-03
            4082     854.348E-03
            4083     874.664E-03
            4084     891.091E-03
            4085     674.165E-03
            4086     720.616E-03
            4087     780.575E-03
            4088     835.403E-03
            4089     877.346E-03
            4090     483.451E-03
            4091     595.788E-03
            4092     717.508E-03
            4093     817.576E-03
            4094     892.789E-03
            4095     281.512E-03
            4096     502.087E-03
            4097     704.346E-03
            4098     847.777E-03
            4099     914.756E-03
            4100     947.696E-03
            4101     907.011E-03
            4102     790.810E-03
            4103     587.936E-03
            4104     339.463E-03
            4105         1.09621
            4106         1.05925
            4107     926.904E-03
            4108     760.736E-03
            4109     575.140E-03
            4110     371.515E-03
            4111     947.981E-03
            4112     891.566E-03
            4113     911.137E-03
            4114     927.210E-03
            4115     963.252E-03
            4116     983.158E-03
            4117     862.710E-03
            4118     837.363E-03
            4119     864.778E-03
            4120     907.171E-03
            4121     954.014E-03
            4122     987.492E-03
            4123     701.040E-03
            4124     730.295E-03
            4125     800.778E-03
            4126     878.760E-03
            4127     949.063E-03
            4128     995.125E-03
            4129     492.439E-03
            4130     599.943E-03
            4131     739.941E-03
            4132     867.007E-03
            4133     970.150E-03
            4134         1.03585
            4135     274.961E-03
            4136     497.715E-03
            4137     735.580E-03
            4138     908.555E-03
            4139         1.04515
            4140         1.10902
            4141         1.26792
            4142         1.16630
            4143     991.839E-03
            4144     774.852E-03
            4145     536.325E-03
            4146     303.497E-03
            4147         1.08633
            4148     975.733E-03
            4149     761.510E-03
            4150     516.932E-03
            4151     282.248E-03
            4152         1.34345
            4153         1.20413
            4154     966.233E-03
            4155     705.802E-03
            4156     399.102E-03
            4157         1.15869
            4158         1.08773
            4159         1.04545
            4160         1.04109
            4161         1.03175
            4162         1.04859
            4163         1.02132
            4164         1.01664
            4165         1.03021
            4166         1.05766
            4167     884.230E-03
            4168     911.137E-03
            4169     954.436E-03
            4170         1.00250
            4171         1.04297
            4172     627.520E-03
            4173     749.513E-03
            4174     897.287E-03
            4175     991.144E-03
            4176         1.04158
            4177     355.279E-03
            4178     628.396E-03
            4179     880.271E-03
            4180         1.04482
            4181         1.09035
            4182         1.15632
            4183         1.17839
            4184     998.016E-03
            4185     718.605E-03
            4186     405.396E-03
            4187     806.670E-03
            4188     721.882E-03
            4189     595.751E-03
            4190     905.812E-03
            4191     587.334E-03
            4192     309.218E-03
            4193     754.793E-03
            4194     792.206E-03
            4195     824.760E-03
            4196     853.421E-03
            4197     892.844E-03
            4198     928.235E-03
            4199     730.166E-03
            4200     757.789E-03
            4201     789.856E-03
            4202     825.570E-03
            4203     863.393E-03
            4204     897.627E-03
            4205     678.120E-03
            4206     711.842E-03
            4207     746.802E-03
            4208     788.966E-03
            4209     828.878E-03
            4210     853.916E-03
            4211     681.870E-03
            4212     657.391E-03
            4213     696.528E-03
            4214     753.734E-03
            4215     804.700E-03
            4216     837.374E-03
            4217     491.313E-03
            4218     544.315E-03
            4219     636.468E-03
            4220     729.967E-03
            4221     801.810E-03
            4222     832.458E-03
            4223     268.781E-03
            4224     439.838E-03
            4225     609.196E-03
            4226     755.572E-03
            4227     859.878E-03
            4228     906.187E-03
            4229         1.00026
            4230     937.648E-03
            4231     816.535E-03
            4232     659.983E-03
            4233     462.580E-03
            4234     253.105E-03
            4235         1.04945
            4236     975.553E-03
            4237     952.949E-03
            4238     964.251E-03
            4239     958.287E-03
            4240     969.127E-03
            4241     926.137E-03
            4242     915.898E-03
            4243     920.893E-03
            4244     926.537E-03
            4245     842.653E-03
            4246     843.118E-03
            4247     854.348E-03
            4248     874.664E-03
            4249     891.091E-03
            4250     674.165E-03
            4251     720.616E-03
            4252     780.575E-03
            4253     835.403E-03
            4254     877.346E-03
            4255     483.451E-03
            4256     595.788E-03
            4257     717.508E-03
            4258     817.576E-03
            4259     892.789E-03
            4260     281.512E-03
            4261     502.087E-03
            4262     704.346E-03
            4263     847.777E-03
            4264     914.756E-03
            4265     967.708E-03
            4266     922.420E-03
            4267     790.581E-03
            4268     574.383E-03
            4269     324.868E-03
            4270         1.13687
            4271         1.07826
            4272     928.525E-03
            4273     745.302E-03
            4274     547.689E-03
            4275     344.037E-03


  Minimum            253.105E-03
      At Element            4234

  Maximum                1.34345
      At Element            4152

           Total     2.01773E+03


