Analysis initiated from SIMULIA established products
Abaqus JOB FZZ
Abaqus 3DEXPERIENCE R2017x
Abaqus License Manager checked out the following licenses:
Abaqus/Standard checked out 5 tokens from Flexnet server localhost.
<1019 out of 1024 licenses remain available>.
Begin Analysis Input File Processor
4/18/2023 2:35:20 PM
Run pre.exe
4/18/2023 2:35:25 PM
End Analysis Input File Processor
Begin Abaqus/Standard Analysis
4/18/2023 2:35:25 PM
Run standard.exe
4/18/2023 2:35:35 PM
End Abaqus/Standard Analysis
Begin MFS->SFS and SIM cleanup
4/18/2023 2:35:36 PM
Run SMASimUtility.exe
4/18/2023 2:35:36 PM
End MFS->SFS and SIM cleanup
Abaqus JOB FZZ COMPLETED
