               1         1.22536
               2     993.277E-03
               3         1.18677
               4         1.57022
               5         1.74067
               6         1.49430
               7         1.22797
               8     912.030E-03
               9         1.36527
              10     927.320E-03
              11     885.176E-03
              12         1.32076
              13     908.850E-03
              14     745.705E-03
              15     677.550E-03
              16     564.237E-03
              17     578.304E-03
              18     515.794E-03
              19     508.597E-03
              20     525.749E-03
              21     579.419E-03
              22     353.946E-03
              23     388.233E-03
              24     435.413E-03
              25     288.620E-03
              26     329.593E-03
              27     366.661E-03
              28     719.554E-03
              29     746.654E-03
              30     599.008E-03
              31     639.126E-03
              32     517.241E-03
              33     575.826E-03
              34     508.619E-03
              35     468.245E-03
              36     413.367E-03
              37     406.514E-03
              38     368.569E-03
              39     317.419E-03
              40     344.910E-03
              41     309.302E-03
              42     271.970E-03
              43     316.022E-03
              44     285.786E-03
              45     255.541E-03
              46         1.35513
              47     955.630E-03
              48     927.119E-03
              49         1.29675
              50         1.15470
              51     764.779E-03
              52     834.885E-03
              53     832.190E-03
              54         1.22672
              55         1.08634
              56         1.27940
              57         1.54567
              58         1.26633
              59     800.298E-03
              60     568.906E-03
              61     648.992E-03
              62     679.692E-03
              63     905.872E-03
              64     879.593E-03
              65         1.40067
              66         1.19007
              67         1.41741
              68         1.67068
              69         1.48924
              70         1.36274
              71     672.664E-03
              72     642.008E-03
              73     555.046E-03
              74     560.692E-03
              75     517.978E-03
              76     431.251E-03
              77     450.148E-03
              78     403.895E-03
              79     323.267E-03
              80     391.232E-03
              81     337.342E-03
              82     278.713E-03
              83     762.920E-03
              84     832.772E-03
              85     546.541E-03
              86     601.358E-03
              87     436.965E-03
              88     473.707E-03
              89     412.104E-03
              90     442.751E-03
              91     427.795E-03
              92     452.093E-03
              93     492.855E-03
              94     326.728E-03
              95     363.186E-03
              96     408.322E-03
              97     283.582E-03
              98     329.110E-03
              99     371.122E-03
             100     505.260E-03
             101     459.116E-03
             102     447.516E-03
             103     416.635E-03
             104         1.11126
             105     820.171E-03
             106     625.399E-03
             107         1.23300
             108     774.098E-03
             109     576.076E-03
             110     535.266E-03
             111     702.724E-03
             112     948.019E-03
             113         1.52389
             114         1.00675
             115     656.139E-03
             116     717.055E-03
             117         1.10619
             118         1.50453
             119         1.69885
             120         1.38128
             121         1.22549
             122         1.01674
             123         1.18677
             124         1.57022
             125         1.74067
             126         1.49430
             127         1.22797
             128     912.030E-03
             129         1.36527
             130     927.320E-03
             131     870.690E-03
             132         1.29311
             133     908.850E-03
             134     776.885E-03
             135     677.550E-03
             136     583.214E-03
             137     578.304E-03
             138     521.101E-03
             139     496.370E-03
             140     525.749E-03
             141     579.419E-03
             142     346.229E-03
             143     388.233E-03
             144     435.413E-03
             145     284.224E-03
             146     329.593E-03
             147     366.661E-03
             148     690.943E-03
             149     746.654E-03
             150     592.404E-03
             151     639.126E-03
             152     515.699E-03
             153     575.826E-03
             154     508.619E-03
             155     468.245E-03
             156     423.584E-03
             157     406.514E-03
             158     368.569E-03
             159     323.190E-03
             160     344.910E-03
             161     309.302E-03
             162     270.668E-03
             163     316.022E-03
             164     285.786E-03
             165     249.204E-03
             166         1.35513
             167     955.630E-03
             168     881.307E-03
             169         1.24695
             170         1.17032
             171     785.751E-03
             172     834.885E-03
             173     832.190E-03
             174         1.22672
             175         1.08634
             176         1.27940
             177         1.54567
             178         1.26061
             179     799.474E-03
             180     575.405E-03
             181     648.992E-03
             182     679.692E-03
             183     905.872E-03
             184     879.593E-03
             185         1.40067
             186         1.19007
             187         1.41741
             188         1.67068
             189         1.48924
             190         1.35521
             191     672.664E-03
             192     642.008E-03
             193     580.660E-03
             194     560.692E-03
             195     517.978E-03
             196     460.504E-03
             197     450.148E-03
             198     403.895E-03
             199     338.242E-03
             200     391.232E-03
             201     337.342E-03
             202     283.495E-03
             203     757.018E-03
             204     832.772E-03
             205     539.687E-03
             206     601.358E-03
             207     430.432E-03
             208     473.707E-03
             209     410.020E-03
             210     442.751E-03
             211     415.931E-03
             212     452.093E-03
             213     492.855E-03
             214     320.128E-03
             215     363.186E-03
             216     408.322E-03
             217     282.133E-03
             218     329.110E-03
             219     371.122E-03
             220     505.260E-03
             221     467.227E-03
             222     447.516E-03
             223     417.656E-03
             224         1.11126
             225     820.171E-03
             226     625.399E-03
             227         1.23300
             228     774.098E-03
             229     576.076E-03
             230     534.334E-03
             231     698.218E-03
             232     961.631E-03
             233         1.51726
             234         1.01585
             235     671.925E-03
             236     717.055E-03
             237         1.10619
             238         1.50453
             239         1.69885
             240         1.38128
             241         1.22549
             242         1.01674
             243         1.18677
             244         1.57022
             245         1.74067
             246         1.49430
             247         1.22797
             248     912.030E-03
             249         1.36527
             250     927.320E-03
             251     870.690E-03
             252         1.29311
             253     908.850E-03
             254     776.885E-03
             255     677.550E-03
             256     583.214E-03
             257     578.304E-03
             258     521.101E-03
             259     496.370E-03
             260     525.749E-03
             261     579.419E-03
             262     346.229E-03
             263     388.233E-03
             264     435.413E-03
             265     284.224E-03
             266     329.593E-03
             267     366.661E-03
             268     690.943E-03
             269     746.654E-03
             270     592.404E-03
             271     639.126E-03
             272     515.699E-03
             273     575.826E-03
             274     508.619E-03
             275     468.245E-03
             276     423.584E-03
             277     406.514E-03
             278     368.569E-03
             279     323.190E-03
             280     344.910E-03
             281     309.302E-03
             282     270.668E-03
             283     316.022E-03
             284     285.786E-03
             285     249.204E-03
             286         1.35513
             287     955.630E-03
             288     881.307E-03
             289         1.24695
             290         1.17032
             291     785.751E-03
             292     834.885E-03
             293     832.190E-03
             294         1.22672
             295         1.08634
             296         1.27940
             297         1.54567
             298         1.26061
             299     799.474E-03
             300     575.405E-03
             301     648.992E-03
             302     679.692E-03
             303     905.872E-03
             304     879.593E-03
             305         1.40067
             306         1.19007
             307         1.41741
             308         1.67068
             309         1.48924
             310         1.35521
             311     672.664E-03
             312     642.008E-03
             313     580.660E-03
             314     560.692E-03
             315     517.978E-03
             316     460.504E-03
             317     450.148E-03
             318     403.895E-03
             319     338.242E-03
             320     391.232E-03
             321     337.342E-03
             322     283.495E-03
             323     757.018E-03
             324     832.772E-03
             325     539.687E-03
             326     601.358E-03
             327     430.432E-03
             328     473.707E-03
             329     410.020E-03
             330     442.751E-03
             331     415.931E-03
             332     452.093E-03
             333     492.855E-03
             334     320.128E-03
             335     363.186E-03
             336     408.322E-03
             337     282.133E-03
             338     329.110E-03
             339     371.122E-03
             340     505.260E-03
             341     467.227E-03
             342     447.516E-03
             343     417.656E-03
             344         1.11126
             345     820.171E-03
             346     625.399E-03
             347         1.23300
             348     774.098E-03
             349     576.076E-03
             350     534.334E-03
             351     698.218E-03
             352     961.631E-03
             353         1.51726
             354         1.01585
             355     671.925E-03
             356     717.055E-03
             357         1.10619
             358         1.50453
             359         1.69885
             360         1.38128
             361         1.22549
             362         1.01674
             363         1.18677
             364         1.57022
             365         1.74067
             366         1.49430
             367         1.22797
             368     912.030E-03
             369         1.36527
             370     927.320E-03
             371     870.690E-03
             372         1.29311
             373     908.850E-03
             374     776.885E-03
             375     677.550E-03
             376     583.214E-03
             377     578.304E-03
             378     521.101E-03
             379     496.370E-03
             380     525.749E-03
             381     579.419E-03
             382     346.229E-03
             383     388.233E-03
             384     435.413E-03
             385     284.224E-03
             386     329.593E-03
             387     366.661E-03
             388     690.943E-03
             389     746.654E-03
             390     592.404E-03
             391     639.126E-03
             392     515.699E-03
             393     575.826E-03
             394     508.619E-03
             395     468.245E-03
             396     423.584E-03
             397     406.514E-03
             398     368.569E-03
             399     323.190E-03
             400     344.910E-03
             401     309.302E-03
             402     270.668E-03
             403     316.022E-03
             404     285.786E-03
             405     249.204E-03
             406         1.35513
             407     955.630E-03
             408     881.307E-03
             409         1.24695
             410         1.17032
             411     785.751E-03
             412     834.885E-03
             413     832.190E-03
             414         1.22672
             415         1.08634
             416         1.27940
             417         1.54567
             418         1.26061
             419     799.474E-03
             420     575.405E-03
             421     648.992E-03
             422     679.692E-03
             423     905.872E-03
             424     879.593E-03
             425         1.40067
             426         1.19007
             427         1.41741
             428         1.67068
             429         1.48924
             430         1.35521
             431     672.664E-03
             432     642.008E-03
             433     580.660E-03
             434     560.692E-03
             435     517.978E-03
             436     460.504E-03
             437     450.148E-03
             438     403.895E-03
             439     338.242E-03
             440     391.232E-03
             441     337.342E-03
             442     283.495E-03
             443     757.018E-03
             444     832.772E-03
             445     539.687E-03
             446     601.358E-03
             447     430.432E-03
             448     473.707E-03
             449     410.020E-03
             450     442.751E-03
             451     415.931E-03
             452     452.093E-03
             453     492.855E-03
             454     320.128E-03
             455     363.186E-03
             456     408.322E-03
             457     282.133E-03
             458     329.110E-03
             459     371.122E-03
             460     505.260E-03
             461     467.227E-03
             462     447.516E-03
             463     417.656E-03
             464         1.11126
             465     820.171E-03
             466     625.399E-03
             467         1.23300
             468     774.098E-03
             469     576.076E-03
             470     534.334E-03
             471     698.218E-03
             472     961.631E-03
             473         1.51726
             474         1.01585
             475     671.925E-03
             476     717.055E-03
             477         1.10619
             478         1.50453
             479         1.69885
             480         1.38128
             481         1.22549
             482         1.01674
             483         1.18677
             484         1.57022
             485         1.74067
             486         1.49430
             487         1.22797
             488     912.030E-03
             489         1.36527
             490     927.320E-03
             491     870.690E-03
             492         1.29311
             493     908.850E-03
             494     776.885E-03
             495     677.550E-03
             496     583.214E-03
             497     578.304E-03
             498     521.101E-03
             499     496.370E-03
             500     525.749E-03
             501     579.419E-03
             502     346.229E-03
             503     388.233E-03
             504     435.413E-03
             505     284.224E-03
             506     329.593E-03
             507     366.661E-03
             508     690.943E-03
             509     746.654E-03
             510     592.404E-03
             511     639.126E-03
             512     515.699E-03
             513     575.826E-03
             514     508.619E-03
             515     468.245E-03
             516     423.584E-03
             517     406.514E-03
             518     368.569E-03
             519     323.190E-03
             520     344.910E-03
             521     309.302E-03
             522     270.668E-03
             523     316.022E-03
             524     285.786E-03
             525     249.204E-03
             526         1.35513
             527     955.630E-03
             528     881.307E-03
             529         1.24695
             530         1.17032
             531     785.751E-03
             532     834.885E-03
             533     832.190E-03
             534         1.22672
             535         1.08634
             536         1.27940
             537         1.54567
             538         1.26061
             539     799.474E-03
             540     575.405E-03
             541     648.992E-03
             542     679.692E-03
             543     905.872E-03
             544     879.593E-03
             545         1.40067
             546         1.19007
             547         1.41741
             548         1.67068
             549         1.48924
             550         1.35521
             551     672.664E-03
             552     642.008E-03
             553     580.660E-03
             554     560.692E-03
             555     517.978E-03
             556     460.504E-03
             557     450.148E-03
             558     403.895E-03
             559     338.242E-03
             560     391.232E-03
             561     337.342E-03
             562     283.495E-03
             563     757.018E-03
             564     832.772E-03
             565     539.687E-03
             566     601.358E-03
             567     430.432E-03
             568     473.707E-03
             569     410.020E-03
             570     442.751E-03
             571     415.931E-03
             572     452.093E-03
             573     492.855E-03
             574     320.128E-03
             575     363.186E-03
             576     408.322E-03
             577     282.133E-03
             578     329.110E-03
             579     371.122E-03
             580     505.260E-03
             581     467.227E-03
             582     447.516E-03
             583     417.656E-03
             584         1.11126
             585     820.171E-03
             586     625.399E-03
             587         1.23300
             588     774.098E-03
             589     576.076E-03
             590     534.334E-03
             591     698.218E-03
             592     961.631E-03
             593         1.51726
             594         1.01585
             595     671.925E-03
             596     717.055E-03
             597         1.10619
             598         1.50453
             599         1.69885
             600         1.38128
             601         1.22549
             602         1.01674
             603         1.18677
             604         1.57022
             605         1.74067
             606         1.49430
             607         1.22797
             608     912.030E-03
             609         1.36527
             610     927.320E-03
             611     870.690E-03
             612         1.29311
             613     908.850E-03
             614     776.885E-03
             615     677.550E-03
             616     583.214E-03
             617     578.304E-03
             618     521.101E-03
             619     496.370E-03
             620     525.749E-03
             621     579.419E-03
             622     346.229E-03
             623     388.233E-03
             624     435.413E-03
             625     284.224E-03
             626     329.593E-03
             627     366.661E-03
             628     690.943E-03
             629     746.654E-03
             630     592.404E-03
             631     639.126E-03
             632     515.699E-03
             633     575.826E-03
             634     508.619E-03
             635     468.245E-03
             636     423.584E-03
             637     406.514E-03
             638     368.569E-03
             639     323.190E-03
             640     344.910E-03
             641     309.302E-03
             642     270.668E-03
             643     316.022E-03
             644     285.786E-03
             645     249.204E-03
             646         1.35513
             647     955.630E-03
             648     881.307E-03
             649         1.24695
             650         1.17032
             651     785.751E-03
             652     834.885E-03
             653     832.190E-03
             654         1.22672
             655         1.08634
             656         1.27940
             657         1.54567
             658         1.26061
             659     799.474E-03
             660     575.405E-03
             661     648.992E-03
             662     679.692E-03
             663     905.872E-03
             664     879.593E-03
             665         1.40067
             666         1.19007
             667         1.41741
             668         1.67068
             669         1.48924
             670         1.35521
             671     672.664E-03
             672     642.008E-03
             673     580.660E-03
             674     560.692E-03
             675     517.978E-03
             676     460.504E-03
             677     450.148E-03
             678     403.895E-03
             679     338.242E-03
             680     391.232E-03
             681     337.342E-03
             682     283.495E-03
             683     757.018E-03
             684     832.772E-03
             685     539.687E-03
             686     601.358E-03
             687     430.432E-03
             688     473.707E-03
             689     410.020E-03
             690     442.751E-03
             691     415.931E-03
             692     452.093E-03
             693     492.855E-03
             694     320.128E-03
             695     363.186E-03
             696     408.322E-03
             697     282.133E-03
             698     329.110E-03
             699     371.122E-03
             700     505.260E-03
             701     467.227E-03
             702     447.516E-03
             703     417.656E-03
             704         1.11126
             705     820.171E-03
             706     625.399E-03
             707         1.23300
             708     774.098E-03
             709     576.076E-03
             710     534.334E-03
             711     698.218E-03
             712     961.631E-03
             713         1.51726
             714         1.01585
             715     671.925E-03
             716     717.055E-03
             717         1.10619
             718         1.50453
             719         1.69885
             720         1.38128
             721         1.22549
             722         1.01674
             723         1.18677
             724         1.57022
             725         1.74067
             726         1.49430
             727         1.22797
             728     912.030E-03
             729         1.36527
             730     927.320E-03
             731     870.690E-03
             732         1.29311
             733     908.850E-03
             734     776.885E-03
             735     677.550E-03
             736     583.214E-03
             737     578.304E-03
             738     521.101E-03
             739     496.370E-03
             740     525.749E-03
             741     579.419E-03
             742     346.229E-03
             743     388.233E-03
             744     435.413E-03
             745     284.224E-03
             746     329.593E-03
             747     366.661E-03
             748     690.943E-03
             749     746.654E-03
             750     592.404E-03
             751     639.126E-03
             752     515.699E-03
             753     575.826E-03
             754     508.619E-03
             755     468.245E-03
             756     423.584E-03
             757     406.514E-03
             758     368.569E-03
             759     323.190E-03
             760     344.910E-03
             761     309.302E-03
             762     270.668E-03
             763     316.022E-03
             764     285.786E-03
             765     249.204E-03
             766         1.35513
             767     955.630E-03
             768     881.307E-03
             769         1.24695
             770         1.17032
             771     785.751E-03
             772     834.885E-03
             773     832.190E-03
             774         1.22672
             775         1.08634
             776         1.27940
             777         1.54567
             778         1.26061
             779     799.474E-03
             780     575.405E-03
             781     648.992E-03
             782     679.692E-03
             783     905.872E-03
             784     879.593E-03
             785         1.40067
             786         1.19007
             787         1.41741
             788         1.67068
             789         1.48924
             790         1.35521
             791     672.664E-03
             792     642.008E-03
             793     580.660E-03
             794     560.692E-03
             795     517.978E-03
             796     460.504E-03
             797     450.148E-03
             798     403.895E-03
             799     338.242E-03
             800     391.232E-03
             801     337.342E-03
             802     283.495E-03
             803     757.018E-03
             804     832.772E-03
             805     539.687E-03
             806     601.358E-03
             807     430.432E-03
             808     473.707E-03
             809     410.020E-03
             810     442.751E-03
             811     415.931E-03
             812     452.093E-03
             813     492.855E-03
             814     320.128E-03
             815     363.186E-03
             816     408.322E-03
             817     282.133E-03
             818     329.110E-03
             819     371.122E-03
             820     505.260E-03
             821     467.227E-03
             822     447.516E-03
             823     417.656E-03
             824         1.11126
             825     820.171E-03
             826     625.399E-03
             827         1.23300
             828     774.098E-03
             829     576.076E-03
             830     534.334E-03
             831     698.218E-03
             832     961.631E-03
             833         1.51726
             834         1.01585
             835     671.925E-03
             836     717.055E-03
             837         1.10619
             838         1.50453
             839         1.69885
             840         1.38128
             841         1.22549
             842         1.01674
             843         1.18677
             844         1.57022
             845         1.74067
             846         1.49430
             847         1.22797
             848     912.030E-03
             849         1.36527
             850     927.320E-03
             851     870.690E-03
             852         1.29311
             853     908.850E-03
             854     776.885E-03
             855     677.550E-03
             856     583.214E-03
             857     578.304E-03
             858     521.101E-03
             859     496.370E-03
             860     525.749E-03
             861     579.419E-03
             862     346.229E-03
             863     388.233E-03
             864     435.413E-03
             865     284.224E-03
             866     329.593E-03
             867     366.661E-03
             868     690.943E-03
             869     746.654E-03
             870     592.404E-03
             871     639.126E-03
             872     515.699E-03
             873     575.826E-03
             874     508.619E-03
             875     468.245E-03
             876     423.584E-03
             877     406.514E-03
             878     368.569E-03
             879     323.190E-03
             880     344.910E-03
             881     309.302E-03
             882     270.668E-03
             883     316.022E-03
             884     285.786E-03
             885     249.204E-03
             886         1.35513
             887     955.630E-03
             888     881.307E-03
             889         1.24695
             890         1.17032
             891     785.751E-03
             892     834.885E-03
             893     832.190E-03
             894         1.22672
             895         1.08634
             896         1.27940
             897         1.54567
             898         1.26061
             899     799.474E-03
             900     575.405E-03
             901     648.992E-03
             902     679.692E-03
             903     905.872E-03
             904     879.593E-03
             905         1.40067
             906         1.19007
             907         1.41741
             908         1.67068
             909         1.48924
             910         1.35521
             911     672.664E-03
             912     642.008E-03
             913     580.660E-03
             914     560.692E-03
             915     517.978E-03
             916     460.504E-03
             917     450.148E-03
             918     403.895E-03
             919     338.242E-03
             920     391.232E-03
             921     337.342E-03
             922     283.495E-03
             923     757.018E-03
             924     832.772E-03
             925     539.687E-03
             926     601.358E-03
             927     430.432E-03
             928     473.707E-03
             929     410.020E-03
             930     442.751E-03
             931     415.931E-03
             932     452.093E-03
             933     492.855E-03
             934     320.128E-03
             935     363.186E-03
             936     408.322E-03
             937     282.133E-03
             938     329.110E-03
             939     371.122E-03
             940     505.260E-03
             941     467.227E-03
             942     447.516E-03
             943     417.656E-03
             944         1.11126
             945     820.171E-03
             946     625.399E-03
             947         1.23300
             948     774.098E-03
             949     576.076E-03
             950     534.334E-03
             951     698.218E-03
             952     961.631E-03
             953         1.51726
             954         1.01585
             955     671.925E-03
             956     717.055E-03
             957         1.10619
             958         1.50453
             959         1.69885
             960         1.38128
             961         1.22549
             962         1.01674
             963         1.18677
             964         1.57022
             965         1.74067
             966         1.49430
             967         1.22797
             968     912.030E-03
             969         1.36527
             970     927.320E-03
             971     870.690E-03
             972         1.29311
             973     908.850E-03
             974     776.885E-03
             975     677.550E-03
             976     583.214E-03
             977     578.304E-03
             978     521.101E-03
             979     496.370E-03
             980     525.749E-03
             981     579.419E-03
             982     346.229E-03
             983     388.233E-03
             984     435.413E-03
             985     284.224E-03
             986     329.593E-03
             987     366.661E-03
             988     690.943E-03
             989     746.654E-03
             990     592.404E-03
             991     639.126E-03
             992     515.699E-03
             993     575.826E-03
             994     508.619E-03
             995     468.245E-03
             996     423.584E-03
             997     406.514E-03
             998     368.569E-03
             999     323.190E-03
            1000     344.910E-03
            1001     309.302E-03
            1002     270.668E-03
            1003     316.022E-03
            1004     285.786E-03
            1005     249.204E-03
            1006         1.35513
            1007     955.630E-03
            1008     881.307E-03
            1009         1.24695
            1010         1.17032
            1011     785.751E-03
            1012     834.885E-03
            1013     832.190E-03
            1014         1.22672
            1015         1.08634
            1016         1.27940
            1017         1.54567
            1018         1.26061
            1019     799.474E-03
            1020     575.405E-03
            1021     648.992E-03
            1022     679.692E-03
            1023     905.872E-03
            1024     879.593E-03
            1025         1.40067
            1026         1.19007
            1027         1.41741
            1028         1.67068
            1029         1.48924
            1030         1.35521
            1031     672.664E-03
            1032     642.008E-03
            1033     580.660E-03
            1034     560.692E-03
            1035     517.978E-03
            1036     460.504E-03
            1037     450.148E-03
            1038     403.895E-03
            1039     338.242E-03
            1040     391.232E-03
            1041     337.342E-03
            1042     283.495E-03
            1043     757.018E-03
            1044     832.772E-03
            1045     539.687E-03
            1046     601.358E-03
            1047     430.432E-03
            1048     473.707E-03
            1049     410.020E-03
            1050     442.751E-03
            1051     415.931E-03
            1052     452.093E-03
            1053     492.855E-03
            1054     320.128E-03
            1055     363.186E-03
            1056     408.322E-03
            1057     282.133E-03
            1058     329.110E-03
            1059     371.122E-03
            1060     505.260E-03
            1061     467.227E-03
            1062     447.516E-03
            1063     417.656E-03
            1064         1.11126
            1065     820.171E-03
            1066     625.399E-03
            1067         1.23300
            1068     774.098E-03
            1069     576.076E-03
            1070     534.334E-03
            1071     698.218E-03
            1072     961.631E-03
            1073         1.51726
            1074         1.01585
            1075     671.925E-03
            1076     717.055E-03
            1077         1.10619
            1078         1.50453
            1079         1.69885
            1080         1.38128
            1081         1.22549
            1082         1.01674
            1083         1.18677
            1084         1.57022
            1085         1.74067
            1086         1.49430
            1087         1.22797
            1088     912.030E-03
            1089         1.36527
            1090     927.320E-03
            1091     870.690E-03
            1092         1.29311
            1093     908.850E-03
            1094     776.885E-03
            1095     677.550E-03
            1096     583.214E-03
            1097     578.304E-03
            1098     521.101E-03
            1099     496.370E-03
            1100     525.749E-03
            1101     579.419E-03
            1102     346.229E-03
            1103     388.233E-03
            1104     435.413E-03
            1105     284.224E-03
            1106     329.593E-03
            1107     366.661E-03
            1108     690.943E-03
            1109     746.654E-03
            1110     592.404E-03
            1111     639.126E-03
            1112     515.699E-03
            1113     575.826E-03
            1114     508.619E-03
            1115     468.245E-03
            1116     423.584E-03
            1117     406.514E-03
            1118     368.569E-03
            1119     323.190E-03
            1120     344.910E-03
            1121     309.302E-03
            1122     270.668E-03
            1123     316.022E-03
            1124     285.786E-03
            1125     249.204E-03
            1126         1.35513
            1127     955.630E-03
            1128     881.307E-03
            1129         1.24695
            1130         1.17032
            1131     785.751E-03
            1132     834.885E-03
            1133     832.190E-03
            1134         1.22672
            1135         1.08634
            1136         1.27940
            1137         1.54567
            1138         1.26061
            1139     799.474E-03
            1140     575.405E-03
            1141     648.992E-03
            1142     679.692E-03
            1143     905.872E-03
            1144     879.593E-03
            1145         1.40067
            1146         1.19007
            1147         1.41741
            1148         1.67068
            1149         1.48924
            1150         1.35521
            1151     672.664E-03
            1152     642.008E-03
            1153     580.660E-03
            1154     560.692E-03
            1155     517.978E-03
            1156     460.504E-03
            1157     450.148E-03
            1158     403.895E-03
            1159     338.242E-03
            1160     391.232E-03
            1161     337.342E-03
            1162     283.495E-03
            1163     757.018E-03
            1164     832.772E-03
            1165     539.687E-03
            1166     601.358E-03
            1167     430.432E-03
            1168     473.707E-03
            1169     410.020E-03
            1170     442.751E-03
            1171     415.931E-03
            1172     452.093E-03
            1173     492.855E-03
            1174     320.128E-03
            1175     363.186E-03
            1176     408.322E-03
            1177     282.133E-03
            1178     329.110E-03
            1179     371.122E-03
            1180     505.260E-03
            1181     467.227E-03
            1182     447.516E-03
            1183     417.656E-03
            1184         1.11126
            1185     820.171E-03
            1186     625.399E-03
            1187         1.23300
            1188     774.098E-03
            1189     576.076E-03
            1190     534.334E-03
            1191     698.218E-03
            1192     961.631E-03
            1193         1.51726
            1194         1.01585
            1195     671.925E-03
            1196     717.055E-03
            1197         1.10619
            1198         1.50453
            1199         1.69885
            1200         1.38128
            1201         1.22549
            1202         1.01674
            1203         1.18677
            1204         1.57022
            1205         1.74067
            1206         1.49430
            1207         1.22797
            1208     912.030E-03
            1209         1.36527
            1210     927.320E-03
            1211     870.690E-03
            1212         1.29311
            1213     908.850E-03
            1214     776.885E-03
            1215     677.550E-03
            1216     583.214E-03
            1217     578.304E-03
            1218     521.101E-03
            1219     496.370E-03
            1220     525.749E-03
            1221     579.419E-03
            1222     346.229E-03
            1223     388.233E-03
            1224     435.413E-03
            1225     284.224E-03
            1226     329.593E-03
            1227     366.661E-03
            1228     690.943E-03
            1229     746.654E-03
            1230     592.404E-03
            1231     639.126E-03
            1232     515.699E-03
            1233     575.826E-03
            1234     508.619E-03
            1235     468.245E-03
            1236     423.584E-03
            1237     406.514E-03
            1238     368.569E-03
            1239     323.190E-03
            1240     344.910E-03
            1241     309.302E-03
            1242     270.668E-03
            1243     316.022E-03
            1244     285.786E-03
            1245     249.204E-03
            1246         1.35513
            1247     955.630E-03
            1248     881.307E-03
            1249         1.24695
            1250         1.17032
            1251     785.751E-03
            1252     834.885E-03
            1253     832.190E-03
            1254         1.22672
            1255         1.08634
            1256         1.27940
            1257         1.54567
            1258         1.26061
            1259     799.474E-03
            1260     575.405E-03
            1261     648.992E-03
            1262     679.692E-03
            1263     905.872E-03
            1264     879.593E-03
            1265         1.40067
            1266         1.19007
            1267         1.41741
            1268         1.67068
            1269         1.48924
            1270         1.35521
            1271     672.664E-03
            1272     642.008E-03
            1273     580.660E-03
            1274     560.692E-03
            1275     517.978E-03
            1276     460.504E-03
            1277     450.148E-03
            1278     403.895E-03
            1279     338.242E-03
            1280     391.232E-03
            1281     337.342E-03
            1282     283.495E-03
            1283     757.018E-03
            1284     832.772E-03
            1285     539.687E-03
            1286     601.358E-03
            1287     430.432E-03
            1288     473.707E-03
            1289     410.020E-03
            1290     442.751E-03
            1291     415.931E-03
            1292     452.093E-03
            1293     492.855E-03
            1294     320.128E-03
            1295     363.186E-03
            1296     408.322E-03
            1297     282.133E-03
            1298     329.110E-03
            1299     371.122E-03
            1300     505.260E-03
            1301     467.227E-03
            1302     447.516E-03
            1303     417.656E-03
            1304         1.11126
            1305     820.171E-03
            1306     625.399E-03
            1307         1.23300
            1308     774.098E-03
            1309     576.076E-03
            1310     534.334E-03
            1311     698.218E-03
            1312     961.631E-03
            1313         1.51726
            1314         1.01585
            1315     671.925E-03
            1316     717.055E-03
            1317         1.10619
            1318         1.50453
            1319         1.69885
            1320         1.38128
            1321         1.22549
            1322         1.01674
            1323         1.18677
            1324         1.57022
            1325         1.74067
            1326         1.49430
            1327         1.22797
            1328     912.030E-03
            1329         1.36527
            1330     927.320E-03
            1331     870.690E-03
            1332         1.29311
            1333     908.850E-03
            1334     776.885E-03
            1335     677.550E-03
            1336     583.214E-03
            1337     578.304E-03
            1338     521.101E-03
            1339     496.370E-03
            1340     525.749E-03
            1341     579.419E-03
            1342     346.229E-03
            1343     388.233E-03
            1344     435.413E-03
            1345     284.224E-03
            1346     329.593E-03
            1347     366.661E-03
            1348     690.943E-03
            1349     746.654E-03
            1350     592.404E-03
            1351     639.126E-03
            1352     515.699E-03
            1353     575.826E-03
            1354     508.619E-03
            1355     468.245E-03
            1356     423.584E-03
            1357     406.514E-03
            1358     368.569E-03
            1359     323.190E-03
            1360     344.910E-03
            1361     309.302E-03
            1362     270.668E-03
            1363     316.022E-03
            1364     285.786E-03
            1365     249.204E-03
            1366         1.35513
            1367     955.630E-03
            1368     881.307E-03
            1369         1.24695
            1370         1.17032
            1371     785.751E-03
            1372     834.885E-03
            1373     832.190E-03
            1374         1.22672
            1375         1.08634
            1376         1.27940
            1377         1.54567
            1378         1.26061
            1379     799.474E-03
            1380     575.405E-03
            1381     648.992E-03
            1382     679.692E-03
            1383     905.872E-03
            1384     879.593E-03
            1385         1.40067
            1386         1.19007
            1387         1.41741
            1388         1.67068
            1389         1.48924
            1390         1.35521
            1391     672.664E-03
            1392     642.008E-03
            1393     580.660E-03
            1394     560.692E-03
            1395     517.978E-03
            1396     460.504E-03
            1397     450.148E-03
            1398     403.895E-03
            1399     338.242E-03
            1400     391.232E-03
            1401     337.342E-03
            1402     283.495E-03
            1403     757.018E-03
            1404     832.772E-03
            1405     539.687E-03
            1406     601.358E-03
            1407     430.432E-03
            1408     473.707E-03
            1409     410.020E-03
            1410     442.751E-03
            1411     415.931E-03
            1412     452.093E-03
            1413     492.855E-03
            1414     320.128E-03
            1415     363.186E-03
            1416     408.322E-03
            1417     282.133E-03
            1418     329.110E-03
            1419     371.122E-03
            1420     505.260E-03
            1421     467.227E-03
            1422     447.516E-03
            1423     417.656E-03
            1424         1.11126
            1425     820.171E-03
            1426     625.399E-03
            1427         1.23300
            1428     774.098E-03
            1429     576.076E-03
            1430     534.334E-03
            1431     698.218E-03
            1432     961.631E-03
            1433         1.51726
            1434         1.01585
            1435     671.925E-03
            1436     717.055E-03
            1437         1.10619
            1438         1.50453
            1439         1.69885
            1440         1.38128
            1441         1.22549
            1442         1.01674
            1443         1.18677
            1444         1.57022
            1445         1.74067
            1446         1.49430
            1447         1.22797
            1448     912.030E-03
            1449         1.36527
            1450     927.320E-03
            1451     870.690E-03
            1452         1.29311
            1453     908.850E-03
            1454     776.885E-03
            1455     677.550E-03
            1456     583.214E-03
            1457     578.304E-03
            1458     521.101E-03
            1459     496.370E-03
            1460     525.749E-03
            1461     579.419E-03
            1462     346.229E-03
            1463     388.233E-03
            1464     435.413E-03
            1465     284.224E-03
            1466     329.593E-03
            1467     366.661E-03
            1468     690.943E-03
            1469     746.654E-03
            1470     592.404E-03
            1471     639.126E-03
            1472     515.699E-03
            1473     575.826E-03
            1474     508.619E-03
            1475     468.245E-03
            1476     423.584E-03
            1477     406.514E-03
            1478     368.569E-03
            1479     323.190E-03
            1480     344.910E-03
            1481     309.302E-03
            1482     270.668E-03
            1483     316.022E-03
            1484     285.786E-03
            1485     249.204E-03
            1486         1.35513
            1487     955.630E-03
            1488     881.307E-03
            1489         1.24695
            1490         1.17032
            1491     785.751E-03
            1492     834.885E-03
            1493     832.190E-03
            1494         1.22672
            1495         1.08634
            1496         1.27940
            1497         1.54567
            1498         1.26061
            1499     799.474E-03
            1500     575.405E-03
            1501     648.992E-03
            1502     679.692E-03
            1503     905.872E-03
            1504     879.593E-03
            1505         1.40067
            1506         1.19007
            1507         1.41741
            1508         1.67068
            1509         1.48924
            1510         1.35521
            1511     672.664E-03
            1512     642.008E-03
            1513     580.660E-03
            1514     560.692E-03
            1515     517.978E-03
            1516     460.504E-03
            1517     450.148E-03
            1518     403.895E-03
            1519     338.242E-03
            1520     391.232E-03
            1521     337.342E-03
            1522     283.495E-03
            1523     757.018E-03
            1524     832.772E-03
            1525     539.687E-03
            1526     601.358E-03
            1527     430.432E-03
            1528     473.707E-03
            1529     410.020E-03
            1530     442.751E-03
            1531     415.931E-03
            1532     452.093E-03
            1533     492.855E-03
            1534     320.128E-03
            1535     363.186E-03
            1536     408.322E-03
            1537     282.133E-03
            1538     329.110E-03
            1539     371.122E-03
            1540     505.260E-03
            1541     467.227E-03
            1542     447.516E-03
            1543     417.656E-03
            1544         1.11126
            1545     820.171E-03
            1546     625.399E-03
            1547         1.23300
            1548     774.098E-03
            1549     576.076E-03
            1550     534.334E-03
            1551     698.218E-03
            1552     961.631E-03
            1553         1.51726
            1554         1.01585
            1555     671.925E-03
            1556     717.055E-03
            1557         1.10619
            1558         1.50453
            1559         1.69885
            1560         1.38128
            1561         1.22549
            1562         1.01674
            1563         1.18677
            1564         1.57022
            1565         1.74067
            1566         1.49430
            1567         1.22797
            1568     912.030E-03
            1569         1.36527
            1570     927.320E-03
            1571     870.690E-03
            1572         1.29311
            1573     908.850E-03
            1574     776.885E-03
            1575     677.550E-03
            1576     583.214E-03
            1577     578.304E-03
            1578     521.101E-03
            1579     496.370E-03
            1580     525.749E-03
            1581     579.419E-03
            1582     346.229E-03
            1583     388.233E-03
            1584     435.413E-03
            1585     284.224E-03
            1586     329.593E-03
            1587     366.661E-03
            1588     690.943E-03
            1589     746.654E-03
            1590     592.404E-03
            1591     639.126E-03
            1592     515.699E-03
            1593     575.826E-03
            1594     508.619E-03
            1595     468.245E-03
            1596     423.584E-03
            1597     406.514E-03
            1598     368.569E-03
            1599     323.190E-03
            1600     344.910E-03
            1601     309.302E-03
            1602     270.668E-03
            1603     316.022E-03
            1604     285.786E-03
            1605     249.204E-03
            1606         1.35513
            1607     955.630E-03
            1608     881.307E-03
            1609         1.24695
            1610         1.17032
            1611     785.751E-03
            1612     834.885E-03
            1613     832.190E-03
            1614         1.22672
            1615         1.08634
            1616         1.27940
            1617         1.54567
            1618         1.26061
            1619     799.474E-03
            1620     575.405E-03
            1621     648.992E-03
            1622     679.692E-03
            1623     905.872E-03
            1624     879.593E-03
            1625         1.40067
            1626         1.19007
            1627         1.41741
            1628         1.67068
            1629         1.48924
            1630         1.35521
            1631     672.664E-03
            1632     642.008E-03
            1633     580.660E-03
            1634     560.692E-03
            1635     517.978E-03
            1636     460.504E-03
            1637     450.148E-03
            1638     403.895E-03
            1639     338.242E-03
            1640     391.232E-03
            1641     337.342E-03
            1642     283.495E-03
            1643     757.018E-03
            1644     832.772E-03
            1645     539.687E-03
            1646     601.358E-03
            1647     430.432E-03
            1648     473.707E-03
            1649     410.020E-03
            1650     442.751E-03
            1651     415.931E-03
            1652     452.093E-03
            1653     492.855E-03
            1654     320.128E-03
            1655     363.186E-03
            1656     408.322E-03
            1657     282.133E-03
            1658     329.110E-03
            1659     371.122E-03
            1660     505.260E-03
            1661     467.227E-03
            1662     447.516E-03
            1663     417.656E-03
            1664         1.11126
            1665     820.171E-03
            1666     625.399E-03
            1667         1.23300
            1668     774.098E-03
            1669     576.076E-03
            1670     534.334E-03
            1671     698.218E-03
            1672     961.631E-03
            1673         1.51726
            1674         1.01585
            1675     671.925E-03
            1676     717.055E-03
            1677         1.10619
            1678         1.50453
            1679         1.69885
            1680         1.38128
            1681         1.22536
            1682     993.277E-03
            1683         1.18677
            1684         1.57022
            1685         1.74067
            1686         1.49430
            1687         1.22797
            1688     912.030E-03
            1689         1.36527
            1690     927.320E-03
            1691     885.176E-03
            1692         1.32076
            1693     908.850E-03
            1694     745.705E-03
            1695     677.550E-03
            1696     564.237E-03
            1697     578.304E-03
            1698     515.794E-03
            1699     508.597E-03
            1700     525.749E-03
            1701     579.419E-03
            1702     353.946E-03
            1703     388.233E-03
            1704     435.413E-03
            1705     288.620E-03
            1706     329.593E-03
            1707     366.661E-03
            1708     719.554E-03
            1709     746.654E-03
            1710     599.008E-03
            1711     639.126E-03
            1712     517.241E-03
            1713     575.826E-03
            1714     508.619E-03
            1715     468.245E-03
            1716     413.367E-03
            1717     406.514E-03
            1718     368.569E-03
            1719     317.419E-03
            1720     344.910E-03
            1721     309.302E-03
            1722     271.970E-03
            1723     316.022E-03
            1724     285.786E-03
            1725     255.541E-03
            1726         1.35513
            1727     955.630E-03
            1728     927.119E-03
            1729         1.29675
            1730         1.15470
            1731     764.779E-03
            1732     834.885E-03
            1733     832.190E-03
            1734         1.22672
            1735         1.08634
            1736         1.27940
            1737         1.54567
            1738         1.26633
            1739     800.298E-03
            1740     568.906E-03
            1741     648.992E-03
            1742     679.692E-03
            1743     905.872E-03
            1744     879.593E-03
            1745         1.40067
            1746         1.19007
            1747         1.41741
            1748         1.67068
            1749         1.48924
            1750         1.36274
            1751     672.664E-03
            1752     642.008E-03
            1753     555.046E-03
            1754     560.692E-03
            1755     517.978E-03
            1756     431.251E-03
            1757     450.148E-03
            1758     403.895E-03
            1759     323.267E-03
            1760     391.232E-03
            1761     337.342E-03
            1762     278.713E-03
            1763     762.920E-03
            1764     832.772E-03
            1765     546.541E-03
            1766     601.358E-03
            1767     436.965E-03
            1768     473.707E-03
            1769     412.104E-03
            1770     442.751E-03
            1771     427.795E-03
            1772     452.093E-03
            1773     492.855E-03
            1774     326.728E-03
            1775     363.186E-03
            1776     408.322E-03
            1777     283.582E-03
            1778     329.110E-03
            1779     371.122E-03
            1780     505.260E-03
            1781     459.116E-03
            1782     447.516E-03
            1783     416.635E-03
            1784         1.11126
            1785     820.171E-03
            1786     625.399E-03
            1787         1.23300
            1788     774.098E-03
            1789     576.076E-03
            1790     535.266E-03
            1791     702.724E-03
            1792     948.019E-03
            1793         1.52389
            1794         1.00675
            1795     656.139E-03
            1796     717.055E-03
            1797         1.10619
            1798         1.50453
            1799         1.69885
            1800         1.38128



